{"uid":"ba6a974b3a839fd8","name":"test_create_new_member_2___UserTest_56____Product_Manager____user_testAuto056___9800000034___Siliguri____Test_123__","fullName":"TestMemberManagement.TestMemberManagement#test_create_new_member_2___UserTest_56____Product_Manager____user_testAuto056___9800000034___Siliguri____Test_123__","historyId":"88fd7cc44bdda41afa32b82f0ae08459","time":{"start":1689926589129,"stop":1689926609392,"duration":20263},"description":"Verify Create New User.","descriptionHtml":"<p>Verify Create New User.</p>\n","status":"failed","statusMessage":"AssertionError: False != True : Assertion Failed for Validating Landing Page for Member Management","statusTrace":"self = <TestsCases.TestMemberManagement.TestMemberManagement testMethod=test_create_new_member_2___UserTest_56____Product_Manager____user_testAuto056___9800000034___Siliguri____Test_123__>\nname = 'UserTest-56', role = 'Product Manager', email = 'user.testAuto056'\nphone_number = 9800000034, address = 'Siliguri', password = 'Test@123'\n\n    @allure.description(\"Verify Create New User.\")\n    @allure.severity(allure.severity_level.NORMAL)\n    @data(*Utils.read_xlsx(\"../TestData/MemberManagement/TestMemberManagement.xlsx\", \"createUser\"))\n    @unpack\n    def test_create_new_member(self, name, role, email, phone_number, address, password):\n        self.LoginMethod.nativelogin(\"frugal@latido.com.np\", \"Test@123\")\n        try:\n            self.assertEqual(self.Member.create_new_member(name, role, email, phone_number, address, password), True,\n                             msg=\"Assertion Failed for Validating Landing Page for Member Management\")\n        except (TimeoutException, NoSuchElementException, Exception) as e:\n            allure.attach(self.driver.get_screenshot_as_png(), name=\"Error_Creating_user\", attachment_type=AttachmentType.PNG)\n>           raise e\n\nTestMemberManagement.py:49: \n_ _ _ _ _ _ _ _ _ _ _ _ _ _ _ _ _ _ _ _ _ _ _ _ _ _ _ _ _ _ _ _ _ _ _ _ _ _ _ _\nTestMemberManagement.py:45: in test_create_new_member\n    self.assertEqual(self.Member.create_new_member(name, role, email, phone_number, address, password), True,\nC:\\Program Files\\JetBrains\\PyCharm Community Edition 2022.3.3\\plugins\\python-ce\\helpers\\pycharm\\teamcity\\diff_tools.py:33: in _patched_equals\n    old(self, first, second, msg)\nE   AssertionError: False != True : Assertion Failed for Validating Landing Page for Member Management","flaky":false,"newFailed":false,"newBroken":false,"newPassed":false,"retriesCount":0,"retriesStatusChange":false,"beforeStages":[{"name":"_unittest_setUpClass_fixture_TestMemberManagement","time":{"start":1689926562393,"stop":1689926562394,"duration":1},"status":"passed","steps":[],"attachments":[],"parameters":[],"shouldDisplayMessage":false,"attachmentsCount":0,"stepsCount":0,"hasContent":false}],"testStage":{"description":"Verify Create New User.","status":"failed","statusMessage":"AssertionError: False != True : Assertion Failed for Validating Landing Page for Member Management","statusTrace":"self = <TestsCases.TestMemberManagement.TestMemberManagement testMethod=test_create_new_member_2___UserTest_56____Product_Manager____user_testAuto056___9800000034___Siliguri____Test_123__>\nname = 'UserTest-56', role = 'Product Manager', email = 'user.testAuto056'\nphone_number = 9800000034, address = 'Siliguri', password = 'Test@123'\n\n    @allure.description(\"Verify Create New User.\")\n    @allure.severity(allure.severity_level.NORMAL)\n    @data(*Utils.read_xlsx(\"../TestData/MemberManagement/TestMemberManagement.xlsx\", \"createUser\"))\n    @unpack\n    def test_create_new_member(self, name, role, email, phone_number, address, password):\n        self.LoginMethod.nativelogin(\"frugal@latido.com.np\", \"Test@123\")\n        try:\n            self.assertEqual(self.Member.create_new_member(name, role, email, phone_number, address, password), True,\n                             msg=\"Assertion Failed for Validating Landing Page for Member Management\")\n        except (TimeoutException, NoSuchElementException, Exception) as e:\n            allure.attach(self.driver.get_screenshot_as_png(), name=\"Error_Creating_user\", attachment_type=AttachmentType.PNG)\n>           raise e\n\nTestMemberManagement.py:49: \n_ _ _ _ _ _ _ _ _ _ _ _ _ _ _ _ _ _ _ _ _ _ _ _ _ _ _ _ _ _ _ _ _ _ _ _ _ _ _ _\nTestMemberManagement.py:45: in test_create_new_member\n    self.assertEqual(self.Member.create_new_member(name, role, email, phone_number, address, password), True,\nC:\\Program Files\\JetBrains\\PyCharm Community Edition 2022.3.3\\plugins\\python-ce\\helpers\\pycharm\\teamcity\\diff_tools.py:33: in _patched_equals\n    old(self, first, second, msg)\nE   AssertionError: False != True : Assertion Failed for Validating Landing Page for Member Management","steps":[],"attachments":[{"uid":"84d9f2f3db4053ea","name":"Error_Creating_user","source":"84d9f2f3db4053ea.png","type":"image/png","size":74191},{"uid":"3335d680cb3b5e2","name":"log","source":"3335d680cb3b5e2.txt","type":"text/plain","size":1988}],"parameters":[],"shouldDisplayMessage":true,"attachmentsCount":2,"stepsCount":0,"hasContent":true},"afterStages":[{"name":"_unittest_setUpClass_fixture_TestMemberManagement::0","time":{"start":1689927123616,"stop":1689927123616,"duration":0},"status":"passed","steps":[],"attachments":[],"parameters":[],"shouldDisplayMessage":false,"attachmentsCount":0,"stepsCount":0,"hasContent":false}],"labels":[{"name":"feature","value":"Member Management"},{"name":"severity","value":"normal"},{"name":"suite","value":"TestMemberManagement"},{"name":"subSuite","value":"TestMemberManagement"},{"name":"host","value":"0day"},{"name":"thread","value":"2916-MainThread"},{"name":"framework","value":"pytest"},{"name":"language","value":"cpython3"},{"name":"package","value":"TestMemberManagement"},{"name":"resultFormat","value":"allure2"}],"parameters":[],"links":[],"hidden":false,"retry":false,"extra":{"severity":"normal","retries":[],"categories":[{"name":"Product defects","matchedStatuses":[],"flaky":false}],"tags":[]},"source":"ba6a974b3a839fd8.json","parameterValues":[]}