{"uid":"e13b4f594f5735b4","name":"Checking Order synchronization  ","fullName":"TestOrder.TestOrder#test_check_order_synchronization_for_Customer_1___frugal_latido_com_np____Test_123____9860838855____female____Ek__male_____Black_Sheep____38____Silver____Black____No____40___5_6__4_4__5__46__8__12__11__7__1__9___Fit____Test_001____2023_07_29___100900_","historyId":"7e19755e4645cdd737cdc24f1037de5a","time":{"start":1689919559476,"stop":1689919660628,"duration":101152},"description":"Checking Order synchronization after creating a new customer order ","descriptionHtml":"<p>Checking Order synchronization after creating a new customer order</p>\n","status":"broken","statusMessage":"AttributeError: 'NoneType' object has no attribute 'click'","statusTrace":"self = <TestsCases.TestOrder.TestOrder testMethod=test_check_order_synchronization_for_Customer_1___frugal_latido_com_np____T...p____38____Silver____Black____No____40___5_6__4_4__5__46__8__12__11__7__1__9___Fit____Test_001____2023_07_29___100900_>\nusername = 'frugal@latido.com.np', password = 'Test@123'\ncontactNo = '9860838855', gender = 'female', productname = 'Ek (male)'\nleatherProfile = 'Black Sheep', leatherSize = '38', hardware = 'Silver'\nlining = 'Black', polyfill = 'No', size = '40', armhole = 5.6, height = 4.4\nshoulder = 5, weight = 46, length = 8, arms = 12, hips = 11, chest = 7\nwaist = 1, sleeves = 9, bodytype = 'Fit', remark = 'Test 001'\ndate = '2023-07-29', OTP = 100900\n\n    @allure.title(\"Checking Order synchronization  \")\n    @allure.description(\"Checking Order synchronization after creating a new customer order \")\n    @allure.severity(allure.severity_level.NORMAL)\n    @data(*Utils.read_xlsx(\"../TestData/OrderTestData/orderTestCase.xlsx\", \"forSync\"))\n    @unpack\n    def test_check_order_synchronization_for_Customer(self, username, password, contactNo, gender, productname, leatherProfile,\n                                   leatherSize, hardware, lining, polyfill, size, armhole, height, shoulder, weight,\n                                   length, arms, hips, chest, waist, sleeves, bodytype, remark, date, OTP):\n        self.LoginMethod.nativelogin(username, password)\n        try:\n            self.assertEqual(\n                self.Order.navigate_to_customer_order_list(contactNo, gender, productname, leatherProfile, leatherSize, hardware,\n                                                lining, polyfill, size, armhole, height, shoulder, weight, length, arms,\n                                                hips, chest, waist, sleeves, bodytype, remark, date, OTP), True,\n                msg=\"Verification Failed to Create a new user.\")\n    \n        # Checking if assertion failed\n        except (NoSuchElementException, AssertionError, TimeoutException, AttributeError) as e:\n            allure.attach(self.driver.get_screenshot_as_png(), name=\"Creating order for Store.\",\n                          attachment_type=AttachmentType.PNG)\n>           raise e\n\nTestOrder.py:124: \n_ _ _ _ _ _ _ _ _ _ _ _ _ _ _ _ _ _ _ _ _ _ _ _ _ _ _ _ _ _ _ _ _ _ _ _ _ _ _ _\nTestOrder.py:115: in test_check_order_synchronization_for_Customer\n    self.Order.navigate_to_customer_order_list(contactNo, gender, productname, leatherProfile, leatherSize, hardware,\n_ _ _ _ _ _ _ _ _ _ _ _ _ _ _ _ _ _ _ _ _ _ _ _ _ _ _ _ _ _ _ _ _ _ _ _ _ _ _ _\n\nself = <executions.OrdersExecutions.OrderMethods.OrderMethod object at 0x000002207D4C79A0>\ncontactNo = '9860838855', gender = 'female', productname = 'Ek (male)'\nleatherProfile = 'Black Sheep', leatherSize = '38', hardware = 'Silver'\nlining = 'Black', polyfill = 'No', size = '40', armhole = 5.6, height = 4.4\nshoulder = 5, weight = 46, length = 8, arms = 12, hips = 11, chest = 7\nwaist = 1, sleeves = 9, bodytype = 'Fit', remark = 'Test 001'\ndate = '2023-07-29', OTP = 100900\n\n    def navigate_to_customer_order_list(self, contactNo, gender, productname, leatherProfile, leatherSize, hardware,\n                                        lining, polyfill, size, armhole, height, shoulder, weight, length, arms, hips, chest,\n                                        waist, sleeves, bodytype, remark, date, OTP):\n    \n        self.createOrder_Customer(contactNo, gender, productname, leatherProfile, leatherSize, hardware,\n                                  lining, polyfill, size, armhole, height, shoulder, weight, length, arms, hips,\n                                  chest, waist, sleeves, bodytype, remark, date, OTP)\n        self.order_ls.click_on_goto_order()\n>       self.order_ls.get_latest_customer_orderID().click()\nE       AttributeError: 'NoneType' object has no attribute 'click'\n\n..\\executions\\OrdersExecutions\\OrderMethods.py:345: AttributeError","flaky":false,"newFailed":false,"newBroken":true,"newPassed":false,"retriesCount":0,"retriesStatusChange":false,"beforeStages":[{"name":"_unittest_setUpClass_fixture_TestOrder","time":{"start":1689919438938,"stop":1689919438939,"duration":1},"status":"passed","steps":[],"attachments":[],"parameters":[],"shouldDisplayMessage":false,"attachmentsCount":0,"stepsCount":0,"hasContent":false}],"testStage":{"description":"Checking Order synchronization after creating a new customer order ","status":"broken","statusMessage":"AttributeError: 'NoneType' object has no attribute 'click'","statusTrace":"self = <TestsCases.TestOrder.TestOrder testMethod=test_check_order_synchronization_for_Customer_1___frugal_latido_com_np____T...p____38____Silver____Black____No____40___5_6__4_4__5__46__8__12__11__7__1__9___Fit____Test_001____2023_07_29___100900_>\nusername = 'frugal@latido.com.np', password = 'Test@123'\ncontactNo = '9860838855', gender = 'female', productname = 'Ek (male)'\nleatherProfile = 'Black Sheep', leatherSize = '38', hardware = 'Silver'\nlining = 'Black', polyfill = 'No', size = '40', armhole = 5.6, height = 4.4\nshoulder = 5, weight = 46, length = 8, arms = 12, hips = 11, chest = 7\nwaist = 1, sleeves = 9, bodytype = 'Fit', remark = 'Test 001'\ndate = '2023-07-29', OTP = 100900\n\n    @allure.title(\"Checking Order synchronization  \")\n    @allure.description(\"Checking Order synchronization after creating a new customer order \")\n    @allure.severity(allure.severity_level.NORMAL)\n    @data(*Utils.read_xlsx(\"../TestData/OrderTestData/orderTestCase.xlsx\", \"forSync\"))\n    @unpack\n    def test_check_order_synchronization_for_Customer(self, username, password, contactNo, gender, productname, leatherProfile,\n                                   leatherSize, hardware, lining, polyfill, size, armhole, height, shoulder, weight,\n                                   length, arms, hips, chest, waist, sleeves, bodytype, remark, date, OTP):\n        self.LoginMethod.nativelogin(username, password)\n        try:\n            self.assertEqual(\n                self.Order.navigate_to_customer_order_list(contactNo, gender, productname, leatherProfile, leatherSize, hardware,\n                                                lining, polyfill, size, armhole, height, shoulder, weight, length, arms,\n                                                hips, chest, waist, sleeves, bodytype, remark, date, OTP), True,\n                msg=\"Verification Failed to Create a new user.\")\n    \n        # Checking if assertion failed\n        except (NoSuchElementException, AssertionError, TimeoutException, AttributeError) as e:\n            allure.attach(self.driver.get_screenshot_as_png(), name=\"Creating order for Store.\",\n                          attachment_type=AttachmentType.PNG)\n>           raise e\n\nTestOrder.py:124: \n_ _ _ _ _ _ _ _ _ _ _ _ _ _ _ _ _ _ _ _ _ _ _ _ _ _ _ _ _ _ _ _ _ _ _ _ _ _ _ _\nTestOrder.py:115: in test_check_order_synchronization_for_Customer\n    self.Order.navigate_to_customer_order_list(contactNo, gender, productname, leatherProfile, leatherSize, hardware,\n_ _ _ _ _ _ _ _ _ _ _ _ _ _ _ _ _ _ _ _ _ _ _ _ _ _ _ _ _ _ _ _ _ _ _ _ _ _ _ _\n\nself = <executions.OrdersExecutions.OrderMethods.OrderMethod object at 0x000002207D4C79A0>\ncontactNo = '9860838855', gender = 'female', productname = 'Ek (male)'\nleatherProfile = 'Black Sheep', leatherSize = '38', hardware = 'Silver'\nlining = 'Black', polyfill = 'No', size = '40', armhole = 5.6, height = 4.4\nshoulder = 5, weight = 46, length = 8, arms = 12, hips = 11, chest = 7\nwaist = 1, sleeves = 9, bodytype = 'Fit', remark = 'Test 001'\ndate = '2023-07-29', OTP = 100900\n\n    def navigate_to_customer_order_list(self, contactNo, gender, productname, leatherProfile, leatherSize, hardware,\n                                        lining, polyfill, size, armhole, height, shoulder, weight, length, arms, hips, chest,\n                                        waist, sleeves, bodytype, remark, date, OTP):\n    \n        self.createOrder_Customer(contactNo, gender, productname, leatherProfile, leatherSize, hardware,\n                                  lining, polyfill, size, armhole, height, shoulder, weight, length, arms, hips,\n                                  chest, waist, sleeves, bodytype, remark, date, OTP)\n        self.order_ls.click_on_goto_order()\n>       self.order_ls.get_latest_customer_orderID().click()\nE       AttributeError: 'NoneType' object has no attribute 'click'\n\n..\\executions\\OrdersExecutions\\OrderMethods.py:345: AttributeError","steps":[],"attachments":[{"uid":"fd67de7dfaf013fd","name":"Creating order for Store.","source":"fd67de7dfaf013fd.png","type":"image/png","size":138545},{"uid":"9dd74a2fd36bcdee","name":"log","source":"9dd74a2fd36bcdee.txt","type":"text/plain","size":10613}],"parameters":[],"shouldDisplayMessage":true,"attachmentsCount":2,"stepsCount":0,"hasContent":true},"afterStages":[{"name":"_unittest_setUpClass_fixture_TestOrder::0","time":{"start":1689920931693,"stop":1689920931693,"duration":0},"status":"passed","steps":[],"attachments":[],"parameters":[],"shouldDisplayMessage":false,"attachmentsCount":0,"stepsCount":0,"hasContent":false}],"labels":[{"name":"severity","value":"normal"},{"name":"feature","value":"Order List"},{"name":"suite","value":"TestOrder"},{"name":"subSuite","value":"TestOrder"},{"name":"host","value":"0day"},{"name":"thread","value":"1632-MainThread"},{"name":"framework","value":"pytest"},{"name":"language","value":"cpython3"},{"name":"package","value":"TestOrder"},{"name":"resultFormat","value":"allure2"}],"parameters":[],"links":[],"hidden":false,"retry":false,"extra":{"severity":"normal","retries":[],"categories":[{"name":"Test defects","matchedStatuses":[],"flaky":false}],"history":{"statistic":{"failed":0,"broken":1,"skipped":0,"passed":2,"unknown":0,"total":3},"items":[{"uid":"669a2bfe4fc30208","status":"passed","time":{"start":1689311213914,"stop":1689311276141,"duration":62227}},{"uid":"2c6f7f3d103e3836","status":"passed","time":{"start":1688708816109,"stop":1688708880117,"duration":64008}}]},"tags":[]},"source":"e13b4f594f5735b4.json","parameterValues":[]}