{"uid":"89766ff60b1a645e","name":"test_new_entry_3____Automation__Item_27____Test033____Mulchand___Sons___2000___2023_06_16___10___Bad____By_Truck____By_Cheque____Rohit____E___POM_for_Bottle__WebApp__TestData__InventoryData__Image__Receipt_png__","fullName":"TestReporting.TestReporting#test_new_entry_3____Automation__Item_27____Test033____Mulchand___Sons___2000___2023_06_16___10___Bad____By_Truck____By_Cheque____Rohit____E___POM_for_Bottle__WebApp__TestData__InventoryData__Image__Receipt_png__","historyId":"c956e1ca050a425e87882f0f65b8b043","time":{"start":1686897549930,"stop":1686897597190,"duration":47260},"status":"failed","statusMessage":"AssertionError: False != True : Verification failed! for Details Page.","statusTrace":"self = <TestsCases.TestReporting.TestReporting testMethod=test_new_entry_3____Automation__Item_27____Test033____Mulchand___So...0___Bad____By_Truck____By_Cheque____Rohit____E___POM_for_Bottle__WebApp__TestData__InventoryData__Image__Receipt_png__>\nItemName = '(Automation) Item 27', productName = 'Test033'\nvendor_name = 'Mulchand & Sons', price = 2000, date = '2023-06-16'\nquantity = 10, quality = 'Bad', transport_mode = 'By Truck'\nPay_mode = 'By Cheque', receiver_name = 'Rohit'\nimgPath = 'E:\\\\POM_for_Bottle\\\\WebApp\\\\TestData\\\\InventoryData\\\\Image\\\\Receipt.png'\n\n    @allure.story(\"Check for View more Details\")\n    @allure.severity(allure.severity_level.NORMAL)\n    @data(*Utils.read_xlsx(\"../TestData/ReportData/Report.xlsx\", \"viewMore\"))\n    @unpack\n    def test_new_entry(self, ItemName, productName, vendor_name, price, date, quantity, quality, transport_mode, Pay_mode, receiver_name, imgPath):\n        self.LoginMethod.nativelogin(\"frugal@latido.com.np\", \"Test@123\")\n        try:\n            self.assertEqual(self.Report.check_details(ItemName, productName, vendor_name, price, date, quantity, quality,\n                    transport_mode, Pay_mode, receiver_name, imgPath),\n                    True, msg=\"Verification failed! for Details Page.\")\n    \n        # Checking if assertion failed\n        except (NoSuchElementException, AssertionError, TimeoutException) as e:\n            allure.attach(self.driver.get_screenshot_as_png(), name=\"verify Report Landing \", attachment_type=AttachmentType.PNG)\n>           raise e\n\nTestReporting.py:74: \n_ _ _ _ _ _ _ _ _ _ _ _ _ _ _ _ _ _ _ _ _ _ _ _ _ _ _ _ _ _ _ _ _ _ _ _ _ _ _ _\nTestReporting.py:67: in test_new_entry\n    self.assertEqual(self.Report.check_details(ItemName, productName, vendor_name, price, date, quantity, quality,\nC:\\Program Files\\JetBrains\\PyCharm Community Edition 2022.3.3\\plugins\\python-ce\\helpers\\pycharm\\teamcity\\diff_tools.py:33: in _patched_equals\n    old(self, first, second, msg)\nE   AssertionError: False != True : Verification failed! for Details Page.","flaky":false,"newFailed":false,"newBroken":false,"newPassed":false,"retriesCount":0,"retriesStatusChange":false,"beforeStages":[{"name":"_unittest_setUpClass_fixture_TestReporting","time":{"start":1686897436483,"stop":1686897436483,"duration":0},"status":"passed","steps":[],"attachments":[],"parameters":[],"hasContent":false,"stepsCount":0,"attachmentsCount":0,"shouldDisplayMessage":false}],"testStage":{"status":"failed","statusMessage":"AssertionError: False != True : Verification failed! for Details Page.","statusTrace":"self = <TestsCases.TestReporting.TestReporting testMethod=test_new_entry_3____Automation__Item_27____Test033____Mulchand___So...0___Bad____By_Truck____By_Cheque____Rohit____E___POM_for_Bottle__WebApp__TestData__InventoryData__Image__Receipt_png__>\nItemName = '(Automation) Item 27', productName = 'Test033'\nvendor_name = 'Mulchand & Sons', price = 2000, date = '2023-06-16'\nquantity = 10, quality = 'Bad', transport_mode = 'By Truck'\nPay_mode = 'By Cheque', receiver_name = 'Rohit'\nimgPath = 'E:\\\\POM_for_Bottle\\\\WebApp\\\\TestData\\\\InventoryData\\\\Image\\\\Receipt.png'\n\n    @allure.story(\"Check for View more Details\")\n    @allure.severity(allure.severity_level.NORMAL)\n    @data(*Utils.read_xlsx(\"../TestData/ReportData/Report.xlsx\", \"viewMore\"))\n    @unpack\n    def test_new_entry(self, ItemName, productName, vendor_name, price, date, quantity, quality, transport_mode, Pay_mode, receiver_name, imgPath):\n        self.LoginMethod.nativelogin(\"frugal@latido.com.np\", \"Test@123\")\n        try:\n            self.assertEqual(self.Report.check_details(ItemName, productName, vendor_name, price, date, quantity, quality,\n                    transport_mode, Pay_mode, receiver_name, imgPath),\n                    True, msg=\"Verification failed! for Details Page.\")\n    \n        # Checking if assertion failed\n        except (NoSuchElementException, AssertionError, TimeoutException) as e:\n            allure.attach(self.driver.get_screenshot_as_png(), name=\"verify Report Landing \", attachment_type=AttachmentType.PNG)\n>           raise e\n\nTestReporting.py:74: \n_ _ _ _ _ _ _ _ _ _ _ _ _ _ _ _ _ _ _ _ _ _ _ _ _ _ _ _ _ _ _ _ _ _ _ _ _ _ _ _\nTestReporting.py:67: in test_new_entry\n    self.assertEqual(self.Report.check_details(ItemName, productName, vendor_name, price, date, quantity, quality,\nC:\\Program Files\\JetBrains\\PyCharm Community Edition 2022.3.3\\plugins\\python-ce\\helpers\\pycharm\\teamcity\\diff_tools.py:33: in _patched_equals\n    old(self, first, second, msg)\nE   AssertionError: False != True : Verification failed! for Details Page.","steps":[],"attachments":[{"uid":"f6ec6d4f2aed4ef","name":"verify Report Landing ","source":"f6ec6d4f2aed4ef.png","type":"image/png","size":81464}],"parameters":[],"hasContent":true,"stepsCount":0,"attachmentsCount":1,"shouldDisplayMessage":true},"afterStages":[{"name":"_unittest_setUpClass_fixture_TestReporting::0","time":{"start":1686898051433,"stop":1686898051433,"duration":0},"status":"passed","steps":[],"attachments":[],"parameters":[],"hasContent":false,"stepsCount":0,"attachmentsCount":0,"shouldDisplayMessage":false}],"labels":[{"name":"severity","value":"normal"},{"name":"feature","value":"Reporting Module Test Cases"},{"name":"story","value":"Check for View more Details"},{"name":"suite","value":"TestReporting"},{"name":"subSuite","value":"TestReporting"},{"name":"host","value":"0day"},{"name":"thread","value":"2840-MainThread"},{"name":"framework","value":"pytest"},{"name":"language","value":"cpython3"},{"name":"package","value":"TestReporting"},{"name":"resultFormat","value":"allure2"}],"parameters":[],"links":[],"hidden":false,"retry":false,"extra":{"severity":"normal","retries":[],"categories":[{"name":"Product defects","matchedStatuses":[],"flaky":false}],"tags":[]},"source":"89766ff60b1a645e.json","parameterValues":[]}