{"uid":"8e30cad603b4971b","name":"test_dashboard_02_totalOrder","fullName":"TestDashboard.TestDashboard#test_dashboard_02_totalOrder","historyId":"da73d3a9b0f452794fb2aa6c38057aac","time":{"start":1686889973122,"stop":1686889990720,"duration":17598},"status":"failed","statusMessage":"AssertionError: '314' != '458'\n- 314\n+ 458\n : Verification of total order tile failed.","statusTrace":"self = <TestsCases.TestDashboard.TestDashboard testMethod=test_dashboard_02_totalOrder>\n\n    @allure.story(\"Checking Total Order Tiles\")\n    @allure.severity(allure.severity_level.NORMAL)\n    # @data((\"frugal@latido.com.np\", \"Test@123\"))\n    def test_dashboard_02_totalOrder(self):\n        self.LoginMethod.nativelogin(\"frugal@latido.com.np\", \"Test@123\")\n        try:\n            self.assertEqual(self.Dashboard.verify_total_order(), self.Dashboard.recent_top_order(), msg=\"Verification of total order tile failed.\")\n    \n        # Checking if assertion failed\n        except (NoSuchElementException, AssertionError, TimeoutException, Exception) as e:\n            allure.attach(self.driver.get_screenshot_as_png(), name=\"TestDashboardScreen\",\n                          attachment_type=AttachmentType.PNG)\n>           raise e\n\nTestDashboard.py:55: \n_ _ _ _ _ _ _ _ _ _ _ _ _ _ _ _ _ _ _ _ _ _ _ _ _ _ _ _ _ _ _ _ _ _ _ _ _ _ _ _\nTestDashboard.py:49: in test_dashboard_02_totalOrder\n    self.assertEqual(self.Dashboard.verify_total_order(), self.Dashboard.recent_top_order(), msg=\"Verification of total order tile failed.\")\nC:\\Program Files\\JetBrains\\PyCharm Community Edition 2022.3.3\\plugins\\python-ce\\helpers\\pycharm\\teamcity\\diff_tools.py:33: in _patched_equals\n    old(self, first, second, msg)\nE   AssertionError: '314' != '458'\nE   - 314\nE   + 458\nE    : Verification of total order tile failed.","flaky":false,"newFailed":false,"newBroken":false,"newPassed":false,"retriesCount":0,"retriesStatusChange":false,"beforeStages":[{"name":"_unittest_setUpClass_fixture_TestDashboard","time":{"start":1686889949106,"stop":1686889949107,"duration":1},"status":"passed","steps":[],"attachments":[],"parameters":[],"hasContent":false,"stepsCount":0,"attachmentsCount":0,"shouldDisplayMessage":false}],"testStage":{"status":"failed","statusMessage":"AssertionError: '314' != '458'\n- 314\n+ 458\n : Verification of total order tile failed.","statusTrace":"self = <TestsCases.TestDashboard.TestDashboard testMethod=test_dashboard_02_totalOrder>\n\n    @allure.story(\"Checking Total Order Tiles\")\n    @allure.severity(allure.severity_level.NORMAL)\n    # @data((\"frugal@latido.com.np\", \"Test@123\"))\n    def test_dashboard_02_totalOrder(self):\n        self.LoginMethod.nativelogin(\"frugal@latido.com.np\", \"Test@123\")\n        try:\n            self.assertEqual(self.Dashboard.verify_total_order(), self.Dashboard.recent_top_order(), msg=\"Verification of total order tile failed.\")\n    \n        # Checking if assertion failed\n        except (NoSuchElementException, AssertionError, TimeoutException, Exception) as e:\n            allure.attach(self.driver.get_screenshot_as_png(), name=\"TestDashboardScreen\",\n                          attachment_type=AttachmentType.PNG)\n>           raise e\n\nTestDashboard.py:55: \n_ _ _ _ _ _ _ _ _ _ _ _ _ _ _ _ _ _ _ _ _ _ _ _ _ _ _ _ _ _ _ _ _ _ _ _ _ _ _ _\nTestDashboard.py:49: in test_dashboard_02_totalOrder\n    self.assertEqual(self.Dashboard.verify_total_order(), self.Dashboard.recent_top_order(), msg=\"Verification of total order tile failed.\")\nC:\\Program Files\\JetBrains\\PyCharm Community Edition 2022.3.3\\plugins\\python-ce\\helpers\\pycharm\\teamcity\\diff_tools.py:33: in _patched_equals\n    old(self, first, second, msg)\nE   AssertionError: '314' != '458'\nE   - 314\nE   + 458\nE    : Verification of total order tile failed.","steps":[],"attachments":[{"uid":"7d96b66f05238e67","name":"TestDashboardScreen","source":"7d96b66f05238e67.png","type":"image/png","size":134237}],"parameters":[],"hasContent":true,"stepsCount":0,"attachmentsCount":1,"shouldDisplayMessage":true},"afterStages":[{"name":"_unittest_setUpClass_fixture_TestDashboard::0","time":{"start":1686890075403,"stop":1686890075403,"duration":0},"status":"passed","steps":[],"attachments":[],"parameters":[],"hasContent":false,"stepsCount":0,"attachmentsCount":0,"shouldDisplayMessage":false}],"labels":[{"name":"story","value":"Checking Total Order Tiles"},{"name":"feature","value":"DashboardExecutions"},{"name":"severity","value":"normal"},{"name":"suite","value":"TestDashboard"},{"name":"subSuite","value":"TestDashboard"},{"name":"host","value":"0day"},{"name":"thread","value":"9152-MainThread"},{"name":"framework","value":"pytest"},{"name":"language","value":"cpython3"},{"name":"package","value":"TestDashboard"},{"name":"resultFormat","value":"allure2"}],"parameters":[],"links":[],"hidden":false,"retry":false,"extra":{"severity":"normal","retries":[],"categories":[{"name":"Product defects","matchedStatuses":[],"flaky":false}],"history":{"statistic":{"failed":2,"broken":0,"skipped":0,"passed":0,"unknown":0,"total":2},"items":[{"uid":"d2480302d009d66b","status":"failed","statusDetails":"AssertionError: '301' != '435'\n- 301\n+ 435\n : Verification of total order tile failed.","time":{"start":1686286565229,"stop":1686286581266,"duration":16037}}]},"tags":[]},"source":"8e30cad603b4971b.json","parameterValues":[]}