{"uid":"2482bf74324ec5fe","name":"test_new_entry_5____Automation__Item_29____Test035____Silver_Zipper_Supplier___2000___2023_06_09___10___Good____By_Truck____By_Cheque____Rohit____E___POM_for_Bottle__WebApp__TestData__InventoryData__Image__Receipt_png__","fullName":"TestReporting.TestReporting#test_new_entry_5____Automation__Item_29____Test035____Silver_Zipper_Supplier___2000___2023_06_09___10___Good____By_Truck____By_Cheque____Rohit____E___POM_for_Bottle__WebApp__TestData__InventoryData__Image__Receipt_png__","historyId":"57f49b06e18902e2bd7f7ff0c8655a8c","time":{"start":1686310738505,"stop":1686310784536,"duration":46031},"status":"failed","statusMessage":"AssertionError: False != True : Verification failed! for Details Page.","statusTrace":"self = <TestsCases.TestReporting.TestReporting testMethod=test_new_entry_5____Automation__Item_29____Test035____Silver_Zipper...___Good____By_Truck____By_Cheque____Rohit____E___POM_for_Bottle__WebApp__TestData__InventoryData__Image__Receipt_png__>\nItemName = '(Automation) Item 29', productName = 'Test035'\nvendor_name = 'Silver Zipper Supplier', price = 2000, date = '2023-06-09'\nquantity = 10, quality = 'Good', transport_mode = 'By Truck'\nPay_mode = 'By Cheque', receiver_name = 'Rohit'\nimgPath = 'E:\\\\POM_for_Bottle\\\\WebApp\\\\TestData\\\\InventoryData\\\\Image\\\\Receipt.png'\n\n    @allure.story(\"Check for View more Details\")\n    @allure.severity(allure.severity_level.NORMAL)\n    @data(*Utils.read_xlsx(\"../TestData/ReportData/Report.xlsx\", \"viewMore\"))\n    @unpack\n    def test_new_entry(self, ItemName, productName, vendor_name, price, date, quantity, quality, transport_mode, Pay_mode, receiver_name, imgPath):\n        self.LoginMethod.nativelogin(\"frugal@latido.com.np\", \"Test@123\")\n        try:\n            self.assertEqual(self.Report.check_details(ItemName, productName, vendor_name, price, date, quantity, quality,\n                    transport_mode, Pay_mode, receiver_name, imgPath),\n                    True, msg=\"Verification failed! for Details Page.\")\n    \n        # Checking if assertion failed\n        except (NoSuchElementException, AssertionError, TimeoutException) as e:\n            allure.attach(self.driver.get_screenshot_as_png(), name=\"verify Report Landing \", attachment_type=AttachmentType.PNG)\n>           raise e\n\nTestReporting.py:74: \n_ _ _ _ _ _ _ _ _ _ _ _ _ _ _ _ _ _ _ _ _ _ _ _ _ _ _ _ _ _ _ _ _ _ _ _ _ _ _ _\nTestReporting.py:67: in test_new_entry\n    self.assertEqual(self.Report.check_details(ItemName, productName, vendor_name, price, date, quantity, quality,\nC:\\Program Files\\JetBrains\\PyCharm Community Edition 2022.3.3\\plugins\\python-ce\\helpers\\pycharm\\teamcity\\diff_tools.py:33: in _patched_equals\n    old(self, first, second, msg)\nE   AssertionError: False != True : Verification failed! for Details Page.","flaky":false,"newFailed":false,"newBroken":false,"newPassed":false,"retriesCount":0,"retriesStatusChange":false,"beforeStages":[{"name":"_unittest_setUpClass_fixture_TestReporting","time":{"start":1686310536936,"stop":1686310536936,"duration":0},"status":"passed","steps":[],"attachments":[],"parameters":[],"shouldDisplayMessage":false,"attachmentsCount":0,"stepsCount":0,"hasContent":false}],"testStage":{"status":"failed","statusMessage":"AssertionError: False != True : Verification failed! for Details Page.","statusTrace":"self = <TestsCases.TestReporting.TestReporting testMethod=test_new_entry_5____Automation__Item_29____Test035____Silver_Zipper...___Good____By_Truck____By_Cheque____Rohit____E___POM_for_Bottle__WebApp__TestData__InventoryData__Image__Receipt_png__>\nItemName = '(Automation) Item 29', productName = 'Test035'\nvendor_name = 'Silver Zipper Supplier', price = 2000, date = '2023-06-09'\nquantity = 10, quality = 'Good', transport_mode = 'By Truck'\nPay_mode = 'By Cheque', receiver_name = 'Rohit'\nimgPath = 'E:\\\\POM_for_Bottle\\\\WebApp\\\\TestData\\\\InventoryData\\\\Image\\\\Receipt.png'\n\n    @allure.story(\"Check for View more Details\")\n    @allure.severity(allure.severity_level.NORMAL)\n    @data(*Utils.read_xlsx(\"../TestData/ReportData/Report.xlsx\", \"viewMore\"))\n    @unpack\n    def test_new_entry(self, ItemName, productName, vendor_name, price, date, quantity, quality, transport_mode, Pay_mode, receiver_name, imgPath):\n        self.LoginMethod.nativelogin(\"frugal@latido.com.np\", \"Test@123\")\n        try:\n            self.assertEqual(self.Report.check_details(ItemName, productName, vendor_name, price, date, quantity, quality,\n                    transport_mode, Pay_mode, receiver_name, imgPath),\n                    True, msg=\"Verification failed! for Details Page.\")\n    \n        # Checking if assertion failed\n        except (NoSuchElementException, AssertionError, TimeoutException) as e:\n            allure.attach(self.driver.get_screenshot_as_png(), name=\"verify Report Landing \", attachment_type=AttachmentType.PNG)\n>           raise e\n\nTestReporting.py:74: \n_ _ _ _ _ _ _ _ _ _ _ _ _ _ _ _ _ _ _ _ _ _ _ _ _ _ _ _ _ _ _ _ _ _ _ _ _ _ _ _\nTestReporting.py:67: in test_new_entry\n    self.assertEqual(self.Report.check_details(ItemName, productName, vendor_name, price, date, quantity, quality,\nC:\\Program Files\\JetBrains\\PyCharm Community Edition 2022.3.3\\plugins\\python-ce\\helpers\\pycharm\\teamcity\\diff_tools.py:33: in _patched_equals\n    old(self, first, second, msg)\nE   AssertionError: False != True : Verification failed! for Details Page.","steps":[],"attachments":[{"uid":"2f6a10d99443889e","name":"verify Report Landing ","source":"2f6a10d99443889e.png","type":"image/png","size":121423}],"parameters":[],"shouldDisplayMessage":true,"attachmentsCount":1,"stepsCount":0,"hasContent":true},"afterStages":[{"name":"_unittest_setUpClass_fixture_TestReporting::0","time":{"start":1686311134456,"stop":1686311134458,"duration":2},"status":"passed","steps":[],"attachments":[],"parameters":[],"shouldDisplayMessage":false,"attachmentsCount":0,"stepsCount":0,"hasContent":false}],"labels":[{"name":"story","value":"Check for View more Details"},{"name":"feature","value":"Reporting Module Test Cases"},{"name":"severity","value":"normal"},{"name":"suite","value":"TestReporting"},{"name":"subSuite","value":"TestReporting"},{"name":"host","value":"0day"},{"name":"thread","value":"12996-MainThread"},{"name":"framework","value":"pytest"},{"name":"language","value":"cpython3"},{"name":"package","value":"TestReporting"},{"name":"resultFormat","value":"allure2"}],"parameters":[],"links":[],"hidden":false,"retry":false,"extra":{"severity":"normal","retries":[],"categories":[{"name":"Product defects","matchedStatuses":[],"flaky":false}],"tags":[]},"source":"2482bf74324ec5fe.json","parameterValues":[]}