{"uid":"a20c538969ebd6e1","name":"test_edit_member_3___TestUser_38____Factory_Manager____userEdit_auto38___9800000017___Siliguri____Test_123____TestUser_Edited__03____PRODUCTMANAGER___9800000103_","fullName":"TestMemberManagement.TestMemberManagement#test_edit_member_3___TestUser_38____Factory_Manager____userEdit_auto38___9800000017___Siliguri____Test_123____TestUser_Edited__03____PRODUCTMANAGER___9800000103_","historyId":"bcafdf162f62aa5c38bb7def47b38686","time":{"start":1688717291738,"stop":1688717322332,"duration":30594},"description":"Verify the edits are reflecting correctly after editing.","descriptionHtml":"<p>Verify the edits are reflecting correctly after editing.</p>\n","status":"failed","statusMessage":"AssertionError: False != True : Assertion Failed for Validating Landing Page for Member Management","statusTrace":"self = <TestsCases.TestMemberManagement.TestMemberManagement testMethod=test_edit_member_3___TestUser_38____Factory_Manager____userEdit_auto38___9800000017___Siliguri____Test_123____TestUser_Edited__03____PRODUCTMANAGER___9800000103_>\nname = 'TestUser-38', role = 'Factory Manager', email = 'userEdit.auto38'\nphone_number = 9800000017, address = 'Siliguri', password = 'Test@123'\nedit_name = 'TestUser_Edited -03', edit_role = 'PRODUCTMANAGER'\nedit_phone_number = 9800000103\n\n    @allure.description(\"Verify the edits are reflecting correctly after editing.\")\n    @allure.severity(allure.severity_level.NORMAL)\n    @data(*Utils.read_xlsx(\"../TestData/MemberManagement/TestMemberManagement.xlsx\", \"editUser\"))\n    @unpack\n    def test_edit_member(self, name, role, email, phone_number, address, password, edit_name, edit_role, edit_phone_number):\n        self.LoginMethod.nativelogin(\"frugal@latido.com.np\", \"Test@123\")\n        try:\n            self.assertEqual(self.Member.edit_user_details(name, role, email, phone_number, address, password,\n                    edit_name, edit_role, edit_phone_number), True,\n                    msg=\"Assertion Failed for Validating Landing Page for Member Management\")\n        except (TimeoutException, NoSuchElementException, Exception) as e:\n            allure.attach(self.driver.get_screenshot_as_png(), name=\"Error_Creating_user\", attachment_type=AttachmentType.PNG)\n>           raise e\n\nTestMemberManagement.py:65: \n_ _ _ _ _ _ _ _ _ _ _ _ _ _ _ _ _ _ _ _ _ _ _ _ _ _ _ _ _ _ _ _ _ _ _ _ _ _ _ _\nTestMemberManagement.py:60: in test_edit_member\n    self.assertEqual(self.Member.edit_user_details(name, role, email, phone_number, address, password,\nC:\\Program Files\\JetBrains\\PyCharm Community Edition 2022.3.3\\plugins\\python-ce\\helpers\\pycharm\\teamcity\\diff_tools.py:33: in _patched_equals\n    old(self, first, second, msg)\nE   AssertionError: False != True : Assertion Failed for Validating Landing Page for Member Management","flaky":false,"newFailed":false,"newBroken":false,"newPassed":false,"retriesCount":0,"retriesStatusChange":false,"beforeStages":[{"name":"_unittest_setUpClass_fixture_TestMemberManagement","time":{"start":1688717126537,"stop":1688717126537,"duration":0},"status":"passed","steps":[],"attachments":[],"parameters":[],"stepsCount":0,"hasContent":false,"attachmentsCount":0,"shouldDisplayMessage":false}],"testStage":{"description":"Verify the edits are reflecting correctly after editing.","status":"failed","statusMessage":"AssertionError: False != True : Assertion Failed for Validating Landing Page for Member Management","statusTrace":"self = <TestsCases.TestMemberManagement.TestMemberManagement testMethod=test_edit_member_3___TestUser_38____Factory_Manager____userEdit_auto38___9800000017___Siliguri____Test_123____TestUser_Edited__03____PRODUCTMANAGER___9800000103_>\nname = 'TestUser-38', role = 'Factory Manager', email = 'userEdit.auto38'\nphone_number = 9800000017, address = 'Siliguri', password = 'Test@123'\nedit_name = 'TestUser_Edited -03', edit_role = 'PRODUCTMANAGER'\nedit_phone_number = 9800000103\n\n    @allure.description(\"Verify the edits are reflecting correctly after editing.\")\n    @allure.severity(allure.severity_level.NORMAL)\n    @data(*Utils.read_xlsx(\"../TestData/MemberManagement/TestMemberManagement.xlsx\", \"editUser\"))\n    @unpack\n    def test_edit_member(self, name, role, email, phone_number, address, password, edit_name, edit_role, edit_phone_number):\n        self.LoginMethod.nativelogin(\"frugal@latido.com.np\", \"Test@123\")\n        try:\n            self.assertEqual(self.Member.edit_user_details(name, role, email, phone_number, address, password,\n                    edit_name, edit_role, edit_phone_number), True,\n                    msg=\"Assertion Failed for Validating Landing Page for Member Management\")\n        except (TimeoutException, NoSuchElementException, Exception) as e:\n            allure.attach(self.driver.get_screenshot_as_png(), name=\"Error_Creating_user\", attachment_type=AttachmentType.PNG)\n>           raise e\n\nTestMemberManagement.py:65: \n_ _ _ _ _ _ _ _ _ _ _ _ _ _ _ _ _ _ _ _ _ _ _ _ _ _ _ _ _ _ _ _ _ _ _ _ _ _ _ _\nTestMemberManagement.py:60: in test_edit_member\n    self.assertEqual(self.Member.edit_user_details(name, role, email, phone_number, address, password,\nC:\\Program Files\\JetBrains\\PyCharm Community Edition 2022.3.3\\plugins\\python-ce\\helpers\\pycharm\\teamcity\\diff_tools.py:33: in _patched_equals\n    old(self, first, second, msg)\nE   AssertionError: False != True : Assertion Failed for Validating Landing Page for Member Management","steps":[],"attachments":[{"uid":"4ee4fde639c6c186","name":"Error_Creating_user","source":"4ee4fde639c6c186.png","type":"image/png","size":72779},{"uid":"d22888312d266ecc","name":"log","source":"d22888312d266ecc.txt","type":"text/plain","size":919}],"parameters":[],"stepsCount":0,"hasContent":true,"attachmentsCount":2,"shouldDisplayMessage":true},"afterStages":[{"name":"_unittest_setUpClass_fixture_TestMemberManagement::0","time":{"start":1688717731774,"stop":1688717731774,"duration":0},"status":"passed","steps":[],"attachments":[],"parameters":[],"stepsCount":0,"hasContent":false,"attachmentsCount":0,"shouldDisplayMessage":false}],"labels":[{"name":"severity","value":"normal"},{"name":"feature","value":"Member Management"},{"name":"suite","value":"TestMemberManagement"},{"name":"subSuite","value":"TestMemberManagement"},{"name":"host","value":"0day"},{"name":"thread","value":"12168-MainThread"},{"name":"framework","value":"pytest"},{"name":"language","value":"cpython3"},{"name":"package","value":"TestMemberManagement"},{"name":"resultFormat","value":"allure2"}],"parameters":[],"links":[],"hidden":false,"retry":false,"extra":{"severity":"normal","retries":[],"categories":[{"name":"Product defects","matchedStatuses":[],"flaky":false}],"tags":[]},"source":"a20c538969ebd6e1.json","parameterValues":[]}