{"uid":"43c8de2c2da6bf23","name":"Checking Order synchronization  ","fullName":"TestOrder.TestOrder#test_check_order_synchronization_for_Customer_1___frugal_latido_com_np____Test_123____9860838855____female____Ek__male_____Black_Sheep____38____Silver____Black____No____40___5_6__4_4__5__46__8__12__11__7__1__9___Fit____Test_001____2023_06_29___100900_","historyId":"05b39186a7ae0adb22a37efb17ec3e81","time":{"start":1687500752550,"stop":1687500843317,"duration":90767},"description":"Checking Order synchronization after creating a new customer order ","descriptionHtml":"<p>Checking Order synchronization after creating a new customer order</p>\n","status":"broken","statusMessage":"AttributeError: 'TestOrder' object has no attribute 'log'","statusTrace":"self = <TestsCases.TestOrder.TestOrder testMethod=test_check_order_synchronization_for_Customer_1___frugal_latido_com_np____T...p____38____Silver____Black____No____40___5_6__4_4__5__46__8__12__11__7__1__9___Fit____Test_001____2023_06_29___100900_>\nusername = 'frugal@latido.com.np', password = 'Test@123'\ncontactNo = '9860838855', gender = 'female', productname = 'Ek (male)'\nleatherProfile = 'Black Sheep', leatherSize = '38', hardware = 'Silver'\nlining = 'Black', polyfill = 'No', size = '40', armhole = 5.6, height = 4.4\nshoulder = 5, weight = 46, length = 8, arms = 12, hips = 11, chest = 7\nwaist = 1, sleeves = 9, bodytype = 'Fit', remark = 'Test 001'\ndate = '2023-06-29', OTP = 100900\n\n    @allure.title(\"Checking Order synchronization  \")\n    @allure.description(\"Checking Order synchronization after creating a new customer order \")\n    @allure.severity(allure.severity_level.NORMAL)\n    @data(*Utils.read_xlsx(\"../TestData/OrderTestData/orderTestCase.xlsx\", \"forSync\"))\n    @unpack\n    def test_check_order_synchronization_for_Customer(self, username, password, contactNo, gender, productname, leatherProfile,\n                                   leatherSize, hardware, lining, polyfill, size, armhole, height, shoulder, weight,\n                                   length, arms, hips, chest, waist, sleeves, bodytype, remark, date, OTP):\n        self.LoginMethod.nativelogin(username, password)\n        try:\n            self.assertEqual(\n>               self.Order.navigate_to_customer_order_list(contactNo, gender, productname, leatherProfile, leatherSize, hardware,\n                                                lining, polyfill, size, armhole, height, shoulder, weight, length, arms,\n                                                hips, chest, waist, sleeves, bodytype, remark, date, OTP), True,\n                msg=\"Verification Failed to Create a new user.\")\n\nTestOrder.py:118: \n_ _ _ _ _ _ _ _ _ _ _ _ _ _ _ _ _ _ _ _ _ _ _ _ _ _ _ _ _ _ _ _ _ _ _ _ _ _ _ _\n\nself = <executions.OrdersExecutions.OrderMethods.OrderMethod object at 0x00000155ADEFC100>\ncontactNo = '9860838855', gender = 'female', productname = 'Ek (male)'\nleatherProfile = 'Black Sheep', leatherSize = '38', hardware = 'Silver'\nlining = 'Black', polyfill = 'No', size = '40', armhole = 5.6, height = 4.4\nshoulder = 5, weight = 46, length = 8, arms = 12, hips = 11, chest = 7\nwaist = 1, sleeves = 9, bodytype = 'Fit', remark = 'Test 001'\ndate = '2023-06-29', OTP = 100900\n\n    def navigate_to_customer_order_list(self, contactNo, gender, productname, leatherProfile, leatherSize, hardware,\n                                        lining, polyfill, size, armhole, height, shoulder, weight, length, arms, hips, chest,\n                                        waist, sleeves, bodytype, remark, date, OTP):\n    \n        self.createOrder_Customer(contactNo, gender, productname, leatherProfile, leatherSize, hardware,\n                                  lining, polyfill, size, armhole, height, shoulder, weight, length, arms, hips,\n                                  chest, waist, sleeves, bodytype, remark, date, OTP)\n        self.order_ls.click_on_goto_order()\n>       self.order_ls.get_latest_customer_orderID().click()\nE       AttributeError: 'NoneType' object has no attribute 'click'\n\n..\\executions\\OrdersExecutions\\OrderMethods.py:341: AttributeError\n\nDuring handling of the above exception, another exception occurred:\n\nself = <TestsCases.TestOrder.TestOrder testMethod=test_check_order_synchronization_for_Customer_1___frugal_latido_com_np____T...p____38____Silver____Black____No____40___5_6__4_4__5__46__8__12__11__7__1__9___Fit____Test_001____2023_06_29___100900_>\nusername = 'frugal@latido.com.np', password = 'Test@123'\ncontactNo = '9860838855', gender = 'female', productname = 'Ek (male)'\nleatherProfile = 'Black Sheep', leatherSize = '38', hardware = 'Silver'\nlining = 'Black', polyfill = 'No', size = '40', armhole = 5.6, height = 4.4\nshoulder = 5, weight = 46, length = 8, arms = 12, hips = 11, chest = 7\nwaist = 1, sleeves = 9, bodytype = 'Fit', remark = 'Test 001'\ndate = '2023-06-29', OTP = 100900\n\n    @allure.title(\"Checking Order synchronization  \")\n    @allure.description(\"Checking Order synchronization after creating a new customer order \")\n    @allure.severity(allure.severity_level.NORMAL)\n    @data(*Utils.read_xlsx(\"../TestData/OrderTestData/orderTestCase.xlsx\", \"forSync\"))\n    @unpack\n    def test_check_order_synchronization_for_Customer(self, username, password, contactNo, gender, productname, leatherProfile,\n                                   leatherSize, hardware, lining, polyfill, size, armhole, height, shoulder, weight,\n                                   length, arms, hips, chest, waist, sleeves, bodytype, remark, date, OTP):\n        self.LoginMethod.nativelogin(username, password)\n        try:\n            self.assertEqual(\n                self.Order.navigate_to_customer_order_list(contactNo, gender, productname, leatherProfile, leatherSize, hardware,\n                                                lining, polyfill, size, armhole, height, shoulder, weight, length, arms,\n                                                hips, chest, waist, sleeves, bodytype, remark, date, OTP), True,\n                msg=\"Verification Failed to Create a new user.\")\n    \n        # Checking if assertion failed\n        except (NoSuchElementException, AssertionError, TimeoutException, AttributeError) as e:\n            allure.attach(self.driver.get_screenshot_as_png(), name=\"Creating order for Store.\",\n                          attachment_type=AttachmentType.PNG)\n>           self.log.error(f\"Assertion failed here while finding element. {str(e)}\")\nE           AttributeError: 'TestOrder' object has no attribute 'log'\n\nTestOrder.py:127: AttributeError","flaky":false,"newFailed":false,"newBroken":true,"newPassed":false,"retriesCount":0,"retriesStatusChange":false,"beforeStages":[{"name":"_unittest_setUpClass_fixture_TestOrder","time":{"start":1687500628072,"stop":1687500628072,"duration":0},"status":"passed","steps":[],"attachments":[],"parameters":[],"attachmentsCount":0,"shouldDisplayMessage":false,"stepsCount":0,"hasContent":false}],"testStage":{"description":"Checking Order synchronization after creating a new customer order ","status":"broken","statusMessage":"AttributeError: 'TestOrder' object has no attribute 'log'","statusTrace":"self = <TestsCases.TestOrder.TestOrder testMethod=test_check_order_synchronization_for_Customer_1___frugal_latido_com_np____T...p____38____Silver____Black____No____40___5_6__4_4__5__46__8__12__11__7__1__9___Fit____Test_001____2023_06_29___100900_>\nusername = 'frugal@latido.com.np', password = 'Test@123'\ncontactNo = '9860838855', gender = 'female', productname = 'Ek (male)'\nleatherProfile = 'Black Sheep', leatherSize = '38', hardware = 'Silver'\nlining = 'Black', polyfill = 'No', size = '40', armhole = 5.6, height = 4.4\nshoulder = 5, weight = 46, length = 8, arms = 12, hips = 11, chest = 7\nwaist = 1, sleeves = 9, bodytype = 'Fit', remark = 'Test 001'\ndate = '2023-06-29', OTP = 100900\n\n    @allure.title(\"Checking Order synchronization  \")\n    @allure.description(\"Checking Order synchronization after creating a new customer order \")\n    @allure.severity(allure.severity_level.NORMAL)\n    @data(*Utils.read_xlsx(\"../TestData/OrderTestData/orderTestCase.xlsx\", \"forSync\"))\n    @unpack\n    def test_check_order_synchronization_for_Customer(self, username, password, contactNo, gender, productname, leatherProfile,\n                                   leatherSize, hardware, lining, polyfill, size, armhole, height, shoulder, weight,\n                                   length, arms, hips, chest, waist, sleeves, bodytype, remark, date, OTP):\n        self.LoginMethod.nativelogin(username, password)\n        try:\n            self.assertEqual(\n>               self.Order.navigate_to_customer_order_list(contactNo, gender, productname, leatherProfile, leatherSize, hardware,\n                                                lining, polyfill, size, armhole, height, shoulder, weight, length, arms,\n                                                hips, chest, waist, sleeves, bodytype, remark, date, OTP), True,\n                msg=\"Verification Failed to Create a new user.\")\n\nTestOrder.py:118: \n_ _ _ _ _ _ _ _ _ _ _ _ _ _ _ _ _ _ _ _ _ _ _ _ _ _ _ _ _ _ _ _ _ _ _ _ _ _ _ _\n\nself = <executions.OrdersExecutions.OrderMethods.OrderMethod object at 0x00000155ADEFC100>\ncontactNo = '9860838855', gender = 'female', productname = 'Ek (male)'\nleatherProfile = 'Black Sheep', leatherSize = '38', hardware = 'Silver'\nlining = 'Black', polyfill = 'No', size = '40', armhole = 5.6, height = 4.4\nshoulder = 5, weight = 46, length = 8, arms = 12, hips = 11, chest = 7\nwaist = 1, sleeves = 9, bodytype = 'Fit', remark = 'Test 001'\ndate = '2023-06-29', OTP = 100900\n\n    def navigate_to_customer_order_list(self, contactNo, gender, productname, leatherProfile, leatherSize, hardware,\n                                        lining, polyfill, size, armhole, height, shoulder, weight, length, arms, hips, chest,\n                                        waist, sleeves, bodytype, remark, date, OTP):\n    \n        self.createOrder_Customer(contactNo, gender, productname, leatherProfile, leatherSize, hardware,\n                                  lining, polyfill, size, armhole, height, shoulder, weight, length, arms, hips,\n                                  chest, waist, sleeves, bodytype, remark, date, OTP)\n        self.order_ls.click_on_goto_order()\n>       self.order_ls.get_latest_customer_orderID().click()\nE       AttributeError: 'NoneType' object has no attribute 'click'\n\n..\\executions\\OrdersExecutions\\OrderMethods.py:341: AttributeError\n\nDuring handling of the above exception, another exception occurred:\n\nself = <TestsCases.TestOrder.TestOrder testMethod=test_check_order_synchronization_for_Customer_1___frugal_latido_com_np____T...p____38____Silver____Black____No____40___5_6__4_4__5__46__8__12__11__7__1__9___Fit____Test_001____2023_06_29___100900_>\nusername = 'frugal@latido.com.np', password = 'Test@123'\ncontactNo = '9860838855', gender = 'female', productname = 'Ek (male)'\nleatherProfile = 'Black Sheep', leatherSize = '38', hardware = 'Silver'\nlining = 'Black', polyfill = 'No', size = '40', armhole = 5.6, height = 4.4\nshoulder = 5, weight = 46, length = 8, arms = 12, hips = 11, chest = 7\nwaist = 1, sleeves = 9, bodytype = 'Fit', remark = 'Test 001'\ndate = '2023-06-29', OTP = 100900\n\n    @allure.title(\"Checking Order synchronization  \")\n    @allure.description(\"Checking Order synchronization after creating a new customer order \")\n    @allure.severity(allure.severity_level.NORMAL)\n    @data(*Utils.read_xlsx(\"../TestData/OrderTestData/orderTestCase.xlsx\", \"forSync\"))\n    @unpack\n    def test_check_order_synchronization_for_Customer(self, username, password, contactNo, gender, productname, leatherProfile,\n                                   leatherSize, hardware, lining, polyfill, size, armhole, height, shoulder, weight,\n                                   length, arms, hips, chest, waist, sleeves, bodytype, remark, date, OTP):\n        self.LoginMethod.nativelogin(username, password)\n        try:\n            self.assertEqual(\n                self.Order.navigate_to_customer_order_list(contactNo, gender, productname, leatherProfile, leatherSize, hardware,\n                                                lining, polyfill, size, armhole, height, shoulder, weight, length, arms,\n                                                hips, chest, waist, sleeves, bodytype, remark, date, OTP), True,\n                msg=\"Verification Failed to Create a new user.\")\n    \n        # Checking if assertion failed\n        except (NoSuchElementException, AssertionError, TimeoutException, AttributeError) as e:\n            allure.attach(self.driver.get_screenshot_as_png(), name=\"Creating order for Store.\",\n                          attachment_type=AttachmentType.PNG)\n>           self.log.error(f\"Assertion failed here while finding element. {str(e)}\")\nE           AttributeError: 'TestOrder' object has no attribute 'log'\n\nTestOrder.py:127: AttributeError","steps":[],"attachments":[{"uid":"98956419e24a40cb","name":"Creating order for Store.","source":"98956419e24a40cb.png","type":"image/png","size":125286},{"uid":"d3727521a2756a68","name":"log","source":"d3727521a2756a68.txt","type":"text/plain","size":4898}],"parameters":[],"attachmentsCount":2,"shouldDisplayMessage":true,"stepsCount":0,"hasContent":true},"afterStages":[{"name":"_unittest_setUpClass_fixture_TestOrder::0","time":{"start":1687502716177,"stop":1687502716177,"duration":0},"status":"passed","steps":[],"attachments":[],"parameters":[],"attachmentsCount":0,"shouldDisplayMessage":false,"stepsCount":0,"hasContent":false}],"labels":[{"name":"feature","value":"Order List"},{"name":"severity","value":"normal"},{"name":"suite","value":"TestOrder"},{"name":"subSuite","value":"TestOrder"},{"name":"host","value":"0day"},{"name":"thread","value":"2692-MainThread"},{"name":"framework","value":"pytest"},{"name":"language","value":"cpython3"},{"name":"package","value":"TestOrder"},{"name":"resultFormat","value":"allure2"}],"parameters":[],"links":[],"hidden":false,"retry":false,"extra":{"severity":"normal","retries":[],"categories":[{"name":"Test defects","matchedStatuses":[],"flaky":false}],"history":{"statistic":{"failed":0,"broken":1,"skipped":0,"passed":3,"unknown":0,"total":4},"items":[{"uid":"ec5b0f853dd107f2","status":"passed","time":{"start":1686890470541,"stop":1686890545105,"duration":74564}},{"uid":"d831abfb8510a6d","status":"passed","time":{"start":1686287135872,"stop":1686287212957,"duration":77085}},{"uid":"50fa76046129bd0c","status":"passed","time":{"start":1685709698345,"stop":1685709767492,"duration":69147}}]},"tags":[]},"source":"43c8de2c2da6bf23.json","parameterValues":[]}