{"uid":"4cc8ec637cade43d","name":"Search Functionality","fullName":"TestOrder.TestOrder#test_Search_functionality_2___frugal_latido_com_np____Test_123____220____Exemplar__male_____Bronze_Mist_Antique____Golden_Antique____Black____Yes__","historyId":"cdfd9423d1e0d7019c362cd68bfce02e","time":{"start":1687500655974,"stop":1687500682393,"duration":26419},"description":"Search and verify item","descriptionHtml":"<p>Search and verify item</p>\n","status":"broken","statusMessage":"AttributeError: 'TestOrder' object has no attribute 'log'","statusTrace":"self = <TestsCases.TestOrder.TestOrder testMethod=test_Search_functionality_2___frugal_latido_com_np____Test_123____220____Exemplar__male_____Bronze_Mist_Antique____Golden_Antique____Black____Yes__>\nusername = 'frugal@latido.com.np', password = 'Test@123', searchValue = '220'\nproductname = 'Exemplar (male)', leatherProfile = 'Bronze Mist Antique'\nhardware = 'Golden Antique', lining = 'Black', polyfill = 'Yes'\n\n    @allure.title(\"Search Functionality\")\n    @allure.description(\"Search and verify item\")\n    @allure.severity(allure.severity_level.NORMAL)\n    @data(*Utils.read_xlsx(\"../TestData/OrderTestData/orderTestCase.xlsx\", \"searchInput\"))\n    @unpack\n    def test_Search_functionality(self, username, password, searchValue, productname, leatherProfile, hardware, lining, polyfill):\n        # Login with Admin\n        self.LoginMethod.nativelogin(username, password)\n        try:\n    \n            # TODO --- Resolve wrong Search Item issue.\n            self.assertEqual(\n>               self.Order.searchBar(searchValue, productname, leatherProfile, hardware, lining, polyfill), True,\n                msg=\"Verification Failed to Create a new user.\")\n\nTestOrder.py:166: \n_ _ _ _ _ _ _ _ _ _ _ _ _ _ _ _ _ _ _ _ _ _ _ _ _ _ _ _ _ _ _ _ _ _ _ _ _ _ _ _\n\nself = <executions.OrdersExecutions.OrderMethods.OrderMethod object at 0x00000155ADE65570>\nsearchItem = '220', productname = 'Exemplar (male)'\nleatherProfile = 'Bronze Mist Antique', hardware = 'Golden Antique'\nlining = 'Black', polyfill = 'Yes'\n\n    def searchBar(self, searchItem, productname, leatherProfile, hardware, lining, polyfill):\n        self.navigateToOrderTab()\n        self.search.click_on_search(searchItem)\n        time.sleep(2)\n>       self.order_ls.get_latest_customer_orderID().click()\nE       AttributeError: 'NoneType' object has no attribute 'click'\n\n..\\executions\\OrdersExecutions\\OrderMethods.py:364: AttributeError\n\nDuring handling of the above exception, another exception occurred:\n\nself = <TestsCases.TestOrder.TestOrder testMethod=test_Search_functionality_2___frugal_latido_com_np____Test_123____220____Exemplar__male_____Bronze_Mist_Antique____Golden_Antique____Black____Yes__>\nusername = 'frugal@latido.com.np', password = 'Test@123', searchValue = '220'\nproductname = 'Exemplar (male)', leatherProfile = 'Bronze Mist Antique'\nhardware = 'Golden Antique', lining = 'Black', polyfill = 'Yes'\n\n    @allure.title(\"Search Functionality\")\n    @allure.description(\"Search and verify item\")\n    @allure.severity(allure.severity_level.NORMAL)\n    @data(*Utils.read_xlsx(\"../TestData/OrderTestData/orderTestCase.xlsx\", \"searchInput\"))\n    @unpack\n    def test_Search_functionality(self, username, password, searchValue, productname, leatherProfile, hardware, lining, polyfill):\n        # Login with Admin\n        self.LoginMethod.nativelogin(username, password)\n        try:\n    \n            # TODO --- Resolve wrong Search Item issue.\n            self.assertEqual(\n                self.Order.searchBar(searchValue, productname, leatherProfile, hardware, lining, polyfill), True,\n                msg=\"Verification Failed to Create a new user.\")\n    \n        # Checking if assertion failed\n        except (NoSuchElementException, AssertionError, TimeoutException, AttributeError) as e:\n            allure.attach(self.driver.get_screenshot_as_png(), name=\"Creating order for Store.\",\n                          attachment_type=AttachmentType.PNG)\n>           self.log.error(f\"Assertion failed here while finding element. {str(e)}\")\nE           AttributeError: 'TestOrder' object has no attribute 'log'\n\nTestOrder.py:173: AttributeError","flaky":false,"newFailed":false,"newBroken":true,"newPassed":false,"retriesCount":0,"retriesStatusChange":false,"beforeStages":[{"name":"_unittest_setUpClass_fixture_TestOrder","time":{"start":1687500628072,"stop":1687500628072,"duration":0},"status":"passed","steps":[],"attachments":[],"parameters":[],"attachmentsCount":0,"shouldDisplayMessage":false,"stepsCount":0,"hasContent":false}],"testStage":{"description":"Search and verify item","status":"broken","statusMessage":"AttributeError: 'TestOrder' object has no attribute 'log'","statusTrace":"self = <TestsCases.TestOrder.TestOrder testMethod=test_Search_functionality_2___frugal_latido_com_np____Test_123____220____Exemplar__male_____Bronze_Mist_Antique____Golden_Antique____Black____Yes__>\nusername = 'frugal@latido.com.np', password = 'Test@123', searchValue = '220'\nproductname = 'Exemplar (male)', leatherProfile = 'Bronze Mist Antique'\nhardware = 'Golden Antique', lining = 'Black', polyfill = 'Yes'\n\n    @allure.title(\"Search Functionality\")\n    @allure.description(\"Search and verify item\")\n    @allure.severity(allure.severity_level.NORMAL)\n    @data(*Utils.read_xlsx(\"../TestData/OrderTestData/orderTestCase.xlsx\", \"searchInput\"))\n    @unpack\n    def test_Search_functionality(self, username, password, searchValue, productname, leatherProfile, hardware, lining, polyfill):\n        # Login with Admin\n        self.LoginMethod.nativelogin(username, password)\n        try:\n    \n            # TODO --- Resolve wrong Search Item issue.\n            self.assertEqual(\n>               self.Order.searchBar(searchValue, productname, leatherProfile, hardware, lining, polyfill), True,\n                msg=\"Verification Failed to Create a new user.\")\n\nTestOrder.py:166: \n_ _ _ _ _ _ _ _ _ _ _ _ _ _ _ _ _ _ _ _ _ _ _ _ _ _ _ _ _ _ _ _ _ _ _ _ _ _ _ _\n\nself = <executions.OrdersExecutions.OrderMethods.OrderMethod object at 0x00000155ADE65570>\nsearchItem = '220', productname = 'Exemplar (male)'\nleatherProfile = 'Bronze Mist Antique', hardware = 'Golden Antique'\nlining = 'Black', polyfill = 'Yes'\n\n    def searchBar(self, searchItem, productname, leatherProfile, hardware, lining, polyfill):\n        self.navigateToOrderTab()\n        self.search.click_on_search(searchItem)\n        time.sleep(2)\n>       self.order_ls.get_latest_customer_orderID().click()\nE       AttributeError: 'NoneType' object has no attribute 'click'\n\n..\\executions\\OrdersExecutions\\OrderMethods.py:364: AttributeError\n\nDuring handling of the above exception, another exception occurred:\n\nself = <TestsCases.TestOrder.TestOrder testMethod=test_Search_functionality_2___frugal_latido_com_np____Test_123____220____Exemplar__male_____Bronze_Mist_Antique____Golden_Antique____Black____Yes__>\nusername = 'frugal@latido.com.np', password = 'Test@123', searchValue = '220'\nproductname = 'Exemplar (male)', leatherProfile = 'Bronze Mist Antique'\nhardware = 'Golden Antique', lining = 'Black', polyfill = 'Yes'\n\n    @allure.title(\"Search Functionality\")\n    @allure.description(\"Search and verify item\")\n    @allure.severity(allure.severity_level.NORMAL)\n    @data(*Utils.read_xlsx(\"../TestData/OrderTestData/orderTestCase.xlsx\", \"searchInput\"))\n    @unpack\n    def test_Search_functionality(self, username, password, searchValue, productname, leatherProfile, hardware, lining, polyfill):\n        # Login with Admin\n        self.LoginMethod.nativelogin(username, password)\n        try:\n    \n            # TODO --- Resolve wrong Search Item issue.\n            self.assertEqual(\n                self.Order.searchBar(searchValue, productname, leatherProfile, hardware, lining, polyfill), True,\n                msg=\"Verification Failed to Create a new user.\")\n    \n        # Checking if assertion failed\n        except (NoSuchElementException, AssertionError, TimeoutException, AttributeError) as e:\n            allure.attach(self.driver.get_screenshot_as_png(), name=\"Creating order for Store.\",\n                          attachment_type=AttachmentType.PNG)\n>           self.log.error(f\"Assertion failed here while finding element. {str(e)}\")\nE           AttributeError: 'TestOrder' object has no attribute 'log'\n\nTestOrder.py:173: AttributeError","steps":[],"attachments":[{"uid":"545d7d339fa1d09e","name":"Creating order for Store.","source":"545d7d339fa1d09e.png","type":"image/png","size":96216},{"uid":"e2721e4de562e073","name":"log","source":"e2721e4de562e073.txt","type":"text/plain","size":798}],"parameters":[],"attachmentsCount":2,"shouldDisplayMessage":true,"stepsCount":0,"hasContent":true},"afterStages":[{"name":"_unittest_setUpClass_fixture_TestOrder::0","time":{"start":1687502716177,"stop":1687502716177,"duration":0},"status":"passed","steps":[],"attachments":[],"parameters":[],"attachmentsCount":0,"shouldDisplayMessage":false,"stepsCount":0,"hasContent":false}],"labels":[{"name":"feature","value":"Order List"},{"name":"severity","value":"normal"},{"name":"suite","value":"TestOrder"},{"name":"subSuite","value":"TestOrder"},{"name":"host","value":"0day"},{"name":"thread","value":"2692-MainThread"},{"name":"framework","value":"pytest"},{"name":"language","value":"cpython3"},{"name":"package","value":"TestOrder"},{"name":"resultFormat","value":"allure2"}],"parameters":[],"links":[],"hidden":false,"retry":false,"extra":{"severity":"normal","retries":[],"categories":[{"name":"Test defects","matchedStatuses":[],"flaky":false}],"history":{"statistic":{"failed":0,"broken":1,"skipped":0,"passed":8,"unknown":0,"total":9},"items":[{"uid":"c19ff86334a6abcc","status":"passed","time":{"start":1686890364521,"stop":1686890388800,"duration":24279}},{"uid":"bdffa4501c69d39c","status":"passed","time":{"start":1686287029283,"stop":1686287054251,"duration":24968}},{"uid":"dd40d116a8ccd5ea","status":"passed","time":{"start":1685709597764,"stop":1685709619860,"duration":22096}},{"uid":"c42599548ea70fe3","status":"passed","time":{"start":1685343823691,"stop":1685343845908,"duration":22217}},{"uid":"468f98803e810cc5","status":"passed","time":{"start":1685106883227,"stop":1685106905742,"duration":22515}},{"uid":"e355a9ac9e02d7c1","status":"passed","time":{"start":1685021936548,"stop":1685021957765,"duration":21217}},{"uid":"c45596443e2bb11b","status":"passed","time":{"start":1684415492987,"stop":1684415515337,"duration":22350}},{"uid":"f7679390fbc5ada6","status":"passed","time":{"start":1683886282640,"stop":1683886304713,"duration":22073}}]},"tags":[]},"source":"4cc8ec637cade43d.json","parameterValues":[]}