{"uid":"4efbcfda83184d25","name":"Search Functionality","fullName":"TestOrder.TestOrder#test_Search_functionality_5___frugal_latido_com_np____Test_123____223____Luigi__male_____Mahogany_Antique____Golden_Antique____Black____Yes__","historyId":"14950fbea61fe87d88d5f1870748feaa","time":{"start":1687500728347,"stop":1687500750451,"duration":22104},"description":"Search and verify item","descriptionHtml":"<p>Search and verify item</p>\n","status":"broken","statusMessage":"AttributeError: 'TestOrder' object has no attribute 'log'","statusTrace":"self = <TestsCases.TestOrder.TestOrder testMethod=test_Search_functionality_5___frugal_latido_com_np____Test_123____223____Luigi__male_____Mahogany_Antique____Golden_Antique____Black____Yes__>\nusername = 'frugal@latido.com.np', password = 'Test@123', searchValue = '223'\nproductname = 'Luigi (male)', leatherProfile = 'Mahogany Antique'\nhardware = 'Golden Antique', lining = 'Black', polyfill = 'Yes'\n\n    @allure.title(\"Search Functionality\")\n    @allure.description(\"Search and verify item\")\n    @allure.severity(allure.severity_level.NORMAL)\n    @data(*Utils.read_xlsx(\"../TestData/OrderTestData/orderTestCase.xlsx\", \"searchInput\"))\n    @unpack\n    def test_Search_functionality(self, username, password, searchValue, productname, leatherProfile, hardware, lining, polyfill):\n        # Login with Admin\n        self.LoginMethod.nativelogin(username, password)\n        try:\n    \n            # TODO --- Resolve wrong Search Item issue.\n            self.assertEqual(\n>               self.Order.searchBar(searchValue, productname, leatherProfile, hardware, lining, polyfill), True,\n                msg=\"Verification Failed to Create a new user.\")\n\nTestOrder.py:166: \n_ _ _ _ _ _ _ _ _ _ _ _ _ _ _ _ _ _ _ _ _ _ _ _ _ _ _ _ _ _ _ _ _ _ _ _ _ _ _ _\n\nself = <executions.OrdersExecutions.OrderMethods.OrderMethod object at 0x00000155ADF09F30>\nsearchItem = '223', productname = 'Luigi (male)'\nleatherProfile = 'Mahogany Antique', hardware = 'Golden Antique'\nlining = 'Black', polyfill = 'Yes'\n\n    def searchBar(self, searchItem, productname, leatherProfile, hardware, lining, polyfill):\n        self.navigateToOrderTab()\n        self.search.click_on_search(searchItem)\n        time.sleep(2)\n>       self.order_ls.get_latest_customer_orderID().click()\nE       AttributeError: 'NoneType' object has no attribute 'click'\n\n..\\executions\\OrdersExecutions\\OrderMethods.py:364: AttributeError\n\nDuring handling of the above exception, another exception occurred:\n\nself = <TestsCases.TestOrder.TestOrder testMethod=test_Search_functionality_5___frugal_latido_com_np____Test_123____223____Luigi__male_____Mahogany_Antique____Golden_Antique____Black____Yes__>\nusername = 'frugal@latido.com.np', password = 'Test@123', searchValue = '223'\nproductname = 'Luigi (male)', leatherProfile = 'Mahogany Antique'\nhardware = 'Golden Antique', lining = 'Black', polyfill = 'Yes'\n\n    @allure.title(\"Search Functionality\")\n    @allure.description(\"Search and verify item\")\n    @allure.severity(allure.severity_level.NORMAL)\n    @data(*Utils.read_xlsx(\"../TestData/OrderTestData/orderTestCase.xlsx\", \"searchInput\"))\n    @unpack\n    def test_Search_functionality(self, username, password, searchValue, productname, leatherProfile, hardware, lining, polyfill):\n        # Login with Admin\n        self.LoginMethod.nativelogin(username, password)\n        try:\n    \n            # TODO --- Resolve wrong Search Item issue.\n            self.assertEqual(\n                self.Order.searchBar(searchValue, productname, leatherProfile, hardware, lining, polyfill), True,\n                msg=\"Verification Failed to Create a new user.\")\n    \n        # Checking if assertion failed\n        except (NoSuchElementException, AssertionError, TimeoutException, AttributeError) as e:\n            allure.attach(self.driver.get_screenshot_as_png(), name=\"Creating order for Store.\",\n                          attachment_type=AttachmentType.PNG)\n>           self.log.error(f\"Assertion failed here while finding element. {str(e)}\")\nE           AttributeError: 'TestOrder' object has no attribute 'log'\n\nTestOrder.py:173: AttributeError","flaky":false,"newFailed":false,"newBroken":true,"newPassed":false,"retriesCount":0,"retriesStatusChange":false,"beforeStages":[{"name":"_unittest_setUpClass_fixture_TestOrder","time":{"start":1687500628072,"stop":1687500628072,"duration":0},"status":"passed","steps":[],"attachments":[],"parameters":[],"attachmentsCount":0,"shouldDisplayMessage":false,"stepsCount":0,"hasContent":false}],"testStage":{"description":"Search and verify item","status":"broken","statusMessage":"AttributeError: 'TestOrder' object has no attribute 'log'","statusTrace":"self = <TestsCases.TestOrder.TestOrder testMethod=test_Search_functionality_5___frugal_latido_com_np____Test_123____223____Luigi__male_____Mahogany_Antique____Golden_Antique____Black____Yes__>\nusername = 'frugal@latido.com.np', password = 'Test@123', searchValue = '223'\nproductname = 'Luigi (male)', leatherProfile = 'Mahogany Antique'\nhardware = 'Golden Antique', lining = 'Black', polyfill = 'Yes'\n\n    @allure.title(\"Search Functionality\")\n    @allure.description(\"Search and verify item\")\n    @allure.severity(allure.severity_level.NORMAL)\n    @data(*Utils.read_xlsx(\"../TestData/OrderTestData/orderTestCase.xlsx\", \"searchInput\"))\n    @unpack\n    def test_Search_functionality(self, username, password, searchValue, productname, leatherProfile, hardware, lining, polyfill):\n        # Login with Admin\n        self.LoginMethod.nativelogin(username, password)\n        try:\n    \n            # TODO --- Resolve wrong Search Item issue.\n            self.assertEqual(\n>               self.Order.searchBar(searchValue, productname, leatherProfile, hardware, lining, polyfill), True,\n                msg=\"Verification Failed to Create a new user.\")\n\nTestOrder.py:166: \n_ _ _ _ _ _ _ _ _ _ _ _ _ _ _ _ _ _ _ _ _ _ _ _ _ _ _ _ _ _ _ _ _ _ _ _ _ _ _ _\n\nself = <executions.OrdersExecutions.OrderMethods.OrderMethod object at 0x00000155ADF09F30>\nsearchItem = '223', productname = 'Luigi (male)'\nleatherProfile = 'Mahogany Antique', hardware = 'Golden Antique'\nlining = 'Black', polyfill = 'Yes'\n\n    def searchBar(self, searchItem, productname, leatherProfile, hardware, lining, polyfill):\n        self.navigateToOrderTab()\n        self.search.click_on_search(searchItem)\n        time.sleep(2)\n>       self.order_ls.get_latest_customer_orderID().click()\nE       AttributeError: 'NoneType' object has no attribute 'click'\n\n..\\executions\\OrdersExecutions\\OrderMethods.py:364: AttributeError\n\nDuring handling of the above exception, another exception occurred:\n\nself = <TestsCases.TestOrder.TestOrder testMethod=test_Search_functionality_5___frugal_latido_com_np____Test_123____223____Luigi__male_____Mahogany_Antique____Golden_Antique____Black____Yes__>\nusername = 'frugal@latido.com.np', password = 'Test@123', searchValue = '223'\nproductname = 'Luigi (male)', leatherProfile = 'Mahogany Antique'\nhardware = 'Golden Antique', lining = 'Black', polyfill = 'Yes'\n\n    @allure.title(\"Search Functionality\")\n    @allure.description(\"Search and verify item\")\n    @allure.severity(allure.severity_level.NORMAL)\n    @data(*Utils.read_xlsx(\"../TestData/OrderTestData/orderTestCase.xlsx\", \"searchInput\"))\n    @unpack\n    def test_Search_functionality(self, username, password, searchValue, productname, leatherProfile, hardware, lining, polyfill):\n        # Login with Admin\n        self.LoginMethod.nativelogin(username, password)\n        try:\n    \n            # TODO --- Resolve wrong Search Item issue.\n            self.assertEqual(\n                self.Order.searchBar(searchValue, productname, leatherProfile, hardware, lining, polyfill), True,\n                msg=\"Verification Failed to Create a new user.\")\n    \n        # Checking if assertion failed\n        except (NoSuchElementException, AssertionError, TimeoutException, AttributeError) as e:\n            allure.attach(self.driver.get_screenshot_as_png(), name=\"Creating order for Store.\",\n                          attachment_type=AttachmentType.PNG)\n>           self.log.error(f\"Assertion failed here while finding element. {str(e)}\")\nE           AttributeError: 'TestOrder' object has no attribute 'log'\n\nTestOrder.py:173: AttributeError","steps":[],"attachments":[{"uid":"c61cdbfbee10b687","name":"Creating order for Store.","source":"c61cdbfbee10b687.png","type":"image/png","size":96359},{"uid":"ce2d63695c389fbb","name":"log","source":"ce2d63695c389fbb.txt","type":"text/plain","size":798}],"parameters":[],"attachmentsCount":2,"shouldDisplayMessage":true,"stepsCount":0,"hasContent":true},"afterStages":[{"name":"_unittest_setUpClass_fixture_TestOrder::0","time":{"start":1687502716177,"stop":1687502716177,"duration":0},"status":"passed","steps":[],"attachments":[],"parameters":[],"attachmentsCount":0,"shouldDisplayMessage":false,"stepsCount":0,"hasContent":false}],"labels":[{"name":"feature","value":"Order List"},{"name":"severity","value":"normal"},{"name":"suite","value":"TestOrder"},{"name":"subSuite","value":"TestOrder"},{"name":"host","value":"0day"},{"name":"thread","value":"2692-MainThread"},{"name":"framework","value":"pytest"},{"name":"language","value":"cpython3"},{"name":"package","value":"TestOrder"},{"name":"resultFormat","value":"allure2"}],"parameters":[],"links":[],"hidden":false,"retry":false,"extra":{"severity":"normal","retries":[],"categories":[{"name":"Test defects","matchedStatuses":[],"flaky":false}],"history":{"statistic":{"failed":0,"broken":1,"skipped":0,"passed":8,"unknown":0,"total":9},"items":[{"uid":"de118075a1aa36b0","status":"passed","time":{"start":1686890444455,"stop":1686890468394,"duration":23939}},{"uid":"9925eca2dc748e04","status":"passed","time":{"start":1686287109524,"stop":1686287133758,"duration":24234}},{"uid":"87d38b7f326a3b59","status":"passed","time":{"start":1685709673375,"stop":1685709696253,"duration":22878}},{"uid":"9967134ff09d7496","status":"passed","time":{"start":1685343895886,"stop":1685343918233,"duration":22347}},{"uid":"f600c21d5e6d00c6","status":"passed","time":{"start":1685106955789,"stop":1685106978254,"duration":22465}},{"uid":"b95f9b87bf37dcc6","status":"passed","time":{"start":1685022008418,"stop":1685022030294,"duration":21876}},{"uid":"7f2ea07676a807d1","status":"passed","time":{"start":1684415569197,"stop":1684415593917,"duration":24720}},{"uid":"30e7bbb2865015ca","status":"passed","time":{"start":1683886357439,"stop":1683886379882,"duration":22443}}]},"tags":[]},"source":"4efbcfda83184d25.json","parameterValues":[]}