{"uid":"57aa92662d30a029","name":"test_new_entry_4____Automation__Item_28____Test034____Tamang_Suppliers___2000___2023_06_16___10___Excellent____By_Truck____By_Cash____Rohit____E___POM_for_Bottle__WebApp__TestData__InventoryData__Image__Receipt_png__","fullName":"TestReporting.TestReporting#test_new_entry_4____Automation__Item_28____Test034____Tamang_Suppliers___2000___2023_06_16___10___Excellent____By_Truck____By_Cash____Rohit____E___POM_for_Bottle__WebApp__TestData__InventoryData__Image__Receipt_png__","historyId":"1b2c7fa8c8ffb122f162d51523910460","time":{"start":1687505654977,"stop":1687505699523,"duration":44546},"description":"Check for View more Details","descriptionHtml":"<p>Check for View more Details</p>\n","status":"failed","statusMessage":"AssertionError: False != True : Verification failed! for Details Page.","statusTrace":"self = <TestsCases.TestReporting.TestReporting testMethod=test_new_entry_4____Automation__Item_28____Test034____Tamang_Suppli...Excellent____By_Truck____By_Cash____Rohit____E___POM_for_Bottle__WebApp__TestData__InventoryData__Image__Receipt_png__>\nItemName = '(Automation) Item 28', productName = 'Test034'\nvendor_name = 'Tamang Suppliers', price = 2000, date = '2023-06-16'\nquantity = 10, quality = 'Excellent', transport_mode = 'By Truck'\nPay_mode = 'By Cash', receiver_name = 'Rohit'\nimgPath = 'E:\\\\POM_for_Bottle\\\\WebApp\\\\TestData\\\\InventoryData\\\\Image\\\\Receipt.png'\n\n    @allure.description(\"Check for View more Details\")\n    @allure.severity(allure.severity_level.NORMAL)\n    @data(*Utils.read_xlsx(\"../TestData/ReportData/Report.xlsx\", \"viewMore\"))\n    @unpack\n    def test_new_entry(self, ItemName, productName, vendor_name, price, date, quantity, quality, transport_mode, Pay_mode, receiver_name, imgPath):\n        self.LoginMethod.nativelogin(\"frugal@latido.com.np\", \"Test@123\")\n        try:\n            self.assertEqual(self.Report.check_details(ItemName, productName, vendor_name, price, date, quantity, quality,\n                    transport_mode, Pay_mode, receiver_name, imgPath),\n                    True, msg=\"Verification failed! for Details Page.\")\n    \n        # Checking if assertion failed\n        except (NoSuchElementException, AssertionError, TimeoutException) as e:\n            allure.attach(self.driver.get_screenshot_as_png(), name=\"verify Report Landing \", attachment_type=AttachmentType.PNG)\n>           raise e\n\nTestReporting.py:74: \n_ _ _ _ _ _ _ _ _ _ _ _ _ _ _ _ _ _ _ _ _ _ _ _ _ _ _ _ _ _ _ _ _ _ _ _ _ _ _ _\nTestReporting.py:67: in test_new_entry\n    self.assertEqual(self.Report.check_details(ItemName, productName, vendor_name, price, date, quantity, quality,\nC:\\Program Files\\JetBrains\\PyCharm Community Edition 2022.3.3\\plugins\\python-ce\\helpers\\pycharm\\teamcity\\diff_tools.py:33: in _patched_equals\n    old(self, first, second, msg)\nE   AssertionError: False != True : Verification failed! for Details Page.","flaky":false,"newFailed":false,"newBroken":false,"newPassed":false,"retriesCount":0,"retriesStatusChange":false,"beforeStages":[{"name":"_unittest_setUpClass_fixture_TestReporting","time":{"start":1687505507887,"stop":1687505507887,"duration":0},"status":"passed","steps":[],"attachments":[],"parameters":[],"attachmentsCount":0,"shouldDisplayMessage":false,"stepsCount":0,"hasContent":false}],"testStage":{"description":"Check for View more Details","status":"failed","statusMessage":"AssertionError: False != True : Verification failed! for Details Page.","statusTrace":"self = <TestsCases.TestReporting.TestReporting testMethod=test_new_entry_4____Automation__Item_28____Test034____Tamang_Suppli...Excellent____By_Truck____By_Cash____Rohit____E___POM_for_Bottle__WebApp__TestData__InventoryData__Image__Receipt_png__>\nItemName = '(Automation) Item 28', productName = 'Test034'\nvendor_name = 'Tamang Suppliers', price = 2000, date = '2023-06-16'\nquantity = 10, quality = 'Excellent', transport_mode = 'By Truck'\nPay_mode = 'By Cash', receiver_name = 'Rohit'\nimgPath = 'E:\\\\POM_for_Bottle\\\\WebApp\\\\TestData\\\\InventoryData\\\\Image\\\\Receipt.png'\n\n    @allure.description(\"Check for View more Details\")\n    @allure.severity(allure.severity_level.NORMAL)\n    @data(*Utils.read_xlsx(\"../TestData/ReportData/Report.xlsx\", \"viewMore\"))\n    @unpack\n    def test_new_entry(self, ItemName, productName, vendor_name, price, date, quantity, quality, transport_mode, Pay_mode, receiver_name, imgPath):\n        self.LoginMethod.nativelogin(\"frugal@latido.com.np\", \"Test@123\")\n        try:\n            self.assertEqual(self.Report.check_details(ItemName, productName, vendor_name, price, date, quantity, quality,\n                    transport_mode, Pay_mode, receiver_name, imgPath),\n                    True, msg=\"Verification failed! for Details Page.\")\n    \n        # Checking if assertion failed\n        except (NoSuchElementException, AssertionError, TimeoutException) as e:\n            allure.attach(self.driver.get_screenshot_as_png(), name=\"verify Report Landing \", attachment_type=AttachmentType.PNG)\n>           raise e\n\nTestReporting.py:74: \n_ _ _ _ _ _ _ _ _ _ _ _ _ _ _ _ _ _ _ _ _ _ _ _ _ _ _ _ _ _ _ _ _ _ _ _ _ _ _ _\nTestReporting.py:67: in test_new_entry\n    self.assertEqual(self.Report.check_details(ItemName, productName, vendor_name, price, date, quantity, quality,\nC:\\Program Files\\JetBrains\\PyCharm Community Edition 2022.3.3\\plugins\\python-ce\\helpers\\pycharm\\teamcity\\diff_tools.py:33: in _patched_equals\n    old(self, first, second, msg)\nE   AssertionError: False != True : Verification failed! for Details Page.","steps":[],"attachments":[{"uid":"82d4bb4613aade79","name":"verify Report Landing ","source":"82d4bb4613aade79.png","type":"image/png","size":111176}],"parameters":[],"attachmentsCount":1,"shouldDisplayMessage":true,"stepsCount":0,"hasContent":true},"afterStages":[{"name":"_unittest_setUpClass_fixture_TestReporting::0","time":{"start":1687506073977,"stop":1687506073977,"duration":0},"status":"passed","steps":[],"attachments":[],"parameters":[],"attachmentsCount":0,"shouldDisplayMessage":false,"stepsCount":0,"hasContent":false}],"labels":[{"name":"severity","value":"normal"},{"name":"feature","value":"Reporting Module Test Cases"},{"name":"suite","value":"TestReporting"},{"name":"subSuite","value":"TestReporting"},{"name":"host","value":"0day"},{"name":"thread","value":"8392-MainThread"},{"name":"framework","value":"pytest"},{"name":"language","value":"cpython3"},{"name":"package","value":"TestReporting"},{"name":"resultFormat","value":"allure2"}],"parameters":[],"links":[],"hidden":false,"retry":false,"extra":{"severity":"normal","retries":[],"categories":[{"name":"Product defects","matchedStatuses":[],"flaky":false}],"history":{"statistic":{"failed":2,"broken":0,"skipped":0,"passed":0,"unknown":0,"total":2},"items":[{"uid":"77cbeeb86c70a2f9","status":"failed","statusDetails":"AssertionError: False != True : Verification failed! for Details Page.","time":{"start":1686897597223,"stop":1686897643866,"duration":46643}}]},"tags":[]},"source":"57aa92662d30a029.json","parameterValues":[]}