{"uid":"7e4460ecc96fa06a","name":"test_dashboard_02_totalOrder","fullName":"TestDashboard.TestDashboard#test_dashboard_02_totalOrder","historyId":"da73d3a9b0f452794fb2aa6c38057aac","time":{"start":1687499577174,"stop":1687499592842,"duration":15668},"description":"Checking Total Order Tiles","descriptionHtml":"<p>Checking Total Order Tiles</p>\n","status":"failed","statusMessage":"AssertionError: '329' != '483'\n- 329\n+ 483\n : Verification of total order tile failed.","statusTrace":"self = <TestsCases.TestDashboard.TestDashboard testMethod=test_dashboard_02_totalOrder>\n\n    @allure.description(\"Checking Total Order Tiles\")\n    @allure.severity(allure.severity_level.NORMAL)\n    # @data((\"frugal@latido.com.np\", \"Test@123\"))\n    def test_dashboard_02_totalOrder(self):\n        self.LoginMethod.nativelogin(\"frugal@latido.com.np\", \"Test@123\")\n        try:\n            self.assertEqual(self.Dashboard.verify_total_order(), self.Dashboard.recent_top_order(), msg=\"Verification of total order tile failed.\")\n    \n        # Checking if assertion failed\n        except (NoSuchElementException, AssertionError, TimeoutException, Exception) as e:\n            allure.attach(self.driver.get_screenshot_as_png(), name=\"TestDashboardScreen\",\n                          attachment_type=AttachmentType.PNG)\n>           raise e\n\nTestDashboard.py:55: \n_ _ _ _ _ _ _ _ _ _ _ _ _ _ _ _ _ _ _ _ _ _ _ _ _ _ _ _ _ _ _ _ _ _ _ _ _ _ _ _\nTestDashboard.py:49: in test_dashboard_02_totalOrder\n    self.assertEqual(self.Dashboard.verify_total_order(), self.Dashboard.recent_top_order(), msg=\"Verification of total order tile failed.\")\nC:\\Program Files\\JetBrains\\PyCharm Community Edition 2022.3.3\\plugins\\python-ce\\helpers\\pycharm\\teamcity\\diff_tools.py:33: in _patched_equals\n    old(self, first, second, msg)\nE   AssertionError: '329' != '483'\nE   - 329\nE   + 483\nE    : Verification of total order tile failed.","flaky":false,"newFailed":false,"newBroken":false,"newPassed":false,"retriesCount":0,"retriesStatusChange":false,"beforeStages":[{"name":"_unittest_setUpClass_fixture_TestDashboard","time":{"start":1687499553801,"stop":1687499553802,"duration":1},"status":"passed","steps":[],"attachments":[],"parameters":[],"attachmentsCount":0,"shouldDisplayMessage":false,"stepsCount":0,"hasContent":false}],"testStage":{"description":"Checking Total Order Tiles","status":"failed","statusMessage":"AssertionError: '329' != '483'\n- 329\n+ 483\n : Verification of total order tile failed.","statusTrace":"self = <TestsCases.TestDashboard.TestDashboard testMethod=test_dashboard_02_totalOrder>\n\n    @allure.description(\"Checking Total Order Tiles\")\n    @allure.severity(allure.severity_level.NORMAL)\n    # @data((\"frugal@latido.com.np\", \"Test@123\"))\n    def test_dashboard_02_totalOrder(self):\n        self.LoginMethod.nativelogin(\"frugal@latido.com.np\", \"Test@123\")\n        try:\n            self.assertEqual(self.Dashboard.verify_total_order(), self.Dashboard.recent_top_order(), msg=\"Verification of total order tile failed.\")\n    \n        # Checking if assertion failed\n        except (NoSuchElementException, AssertionError, TimeoutException, Exception) as e:\n            allure.attach(self.driver.get_screenshot_as_png(), name=\"TestDashboardScreen\",\n                          attachment_type=AttachmentType.PNG)\n>           raise e\n\nTestDashboard.py:55: \n_ _ _ _ _ _ _ _ _ _ _ _ _ _ _ _ _ _ _ _ _ _ _ _ _ _ _ _ _ _ _ _ _ _ _ _ _ _ _ _\nTestDashboard.py:49: in test_dashboard_02_totalOrder\n    self.assertEqual(self.Dashboard.verify_total_order(), self.Dashboard.recent_top_order(), msg=\"Verification of total order tile failed.\")\nC:\\Program Files\\JetBrains\\PyCharm Community Edition 2022.3.3\\plugins\\python-ce\\helpers\\pycharm\\teamcity\\diff_tools.py:33: in _patched_equals\n    old(self, first, second, msg)\nE   AssertionError: '329' != '483'\nE   - 329\nE   + 483\nE    : Verification of total order tile failed.","steps":[],"attachments":[{"uid":"e45fd44f97ba48e3","name":"TestDashboardScreen","source":"e45fd44f97ba48e3.png","type":"image/png","size":136089}],"parameters":[],"attachmentsCount":1,"shouldDisplayMessage":true,"stepsCount":0,"hasContent":true},"afterStages":[{"name":"_unittest_setUpClass_fixture_TestDashboard::0","time":{"start":1687499670905,"stop":1687499670906,"duration":1},"status":"passed","steps":[],"attachments":[],"parameters":[],"attachmentsCount":0,"shouldDisplayMessage":false,"stepsCount":0,"hasContent":false}],"labels":[{"name":"feature","value":"DashboardExecutions"},{"name":"severity","value":"normal"},{"name":"suite","value":"TestDashboard"},{"name":"subSuite","value":"TestDashboard"},{"name":"host","value":"0day"},{"name":"thread","value":"10168-MainThread"},{"name":"framework","value":"pytest"},{"name":"language","value":"cpython3"},{"name":"package","value":"TestDashboard"},{"name":"resultFormat","value":"allure2"}],"parameters":[],"links":[],"hidden":false,"retry":false,"extra":{"severity":"normal","retries":[],"categories":[{"name":"Product defects","matchedStatuses":[],"flaky":false}],"history":{"statistic":{"failed":3,"broken":0,"skipped":0,"passed":0,"unknown":0,"total":3},"items":[{"uid":"8e30cad603b4971b","status":"failed","statusDetails":"AssertionError: '314' != '458'\n- 314\n+ 458\n : Verification of total order tile failed.","time":{"start":1686889973122,"stop":1686889990720,"duration":17598}},{"uid":"d2480302d009d66b","status":"failed","statusDetails":"AssertionError: '301' != '435'\n- 301\n+ 435\n : Verification of total order tile failed.","time":{"start":1686286565229,"stop":1686286581266,"duration":16037}}]},"tags":[]},"source":"7e4460ecc96fa06a.json","parameterValues":[]}