{"uid":"8f92988bd7fcf2a0","name":"Search Functionality","fullName":"TestOrder.TestOrder#test_Search_functionality_1___frugal_latido_com_np____Test_123____226____Ek__male_____Black_Sheep____Silver____Black____No__","historyId":"546436cc033e4dd9ee025f2b4b108c7a","time":{"start":1687500628073,"stop":1687500655510,"duration":27437},"description":"Search and verify item","descriptionHtml":"<p>Search and verify item</p>\n","status":"broken","statusMessage":"AttributeError: 'TestOrder' object has no attribute 'log'","statusTrace":"self = <TestsCases.TestOrder.TestOrder testMethod=test_Search_functionality_1___frugal_latido_com_np____Test_123____226____Ek__male_____Black_Sheep____Silver____Black____No__>\nusername = 'frugal@latido.com.np', password = 'Test@123', searchValue = '226'\nproductname = 'Ek (male)', leatherProfile = 'Black Sheep', hardware = 'Silver'\nlining = 'Black', polyfill = 'No'\n\n    @allure.title(\"Search Functionality\")\n    @allure.description(\"Search and verify item\")\n    @allure.severity(allure.severity_level.NORMAL)\n    @data(*Utils.read_xlsx(\"../TestData/OrderTestData/orderTestCase.xlsx\", \"searchInput\"))\n    @unpack\n    def test_Search_functionality(self, username, password, searchValue, productname, leatherProfile, hardware, lining, polyfill):\n        # Login with Admin\n        self.LoginMethod.nativelogin(username, password)\n        try:\n    \n            # TODO --- Resolve wrong Search Item issue.\n            self.assertEqual(\n>               self.Order.searchBar(searchValue, productname, leatherProfile, hardware, lining, polyfill), True,\n                msg=\"Verification Failed to Create a new user.\")\n\nTestOrder.py:166: \n_ _ _ _ _ _ _ _ _ _ _ _ _ _ _ _ _ _ _ _ _ _ _ _ _ _ _ _ _ _ _ _ _ _ _ _ _ _ _ _\n\nself = <executions.OrdersExecutions.OrderMethods.OrderMethod object at 0x00000155ADE66EF0>\nsearchItem = '226', productname = 'Ek (male)', leatherProfile = 'Black Sheep'\nhardware = 'Silver', lining = 'Black', polyfill = 'No'\n\n    def searchBar(self, searchItem, productname, leatherProfile, hardware, lining, polyfill):\n        self.navigateToOrderTab()\n        self.search.click_on_search(searchItem)\n        time.sleep(2)\n>       self.order_ls.get_latest_customer_orderID().click()\nE       AttributeError: 'NoneType' object has no attribute 'click'\n\n..\\executions\\OrdersExecutions\\OrderMethods.py:364: AttributeError\n\nDuring handling of the above exception, another exception occurred:\n\nself = <TestsCases.TestOrder.TestOrder testMethod=test_Search_functionality_1___frugal_latido_com_np____Test_123____226____Ek__male_____Black_Sheep____Silver____Black____No__>\nusername = 'frugal@latido.com.np', password = 'Test@123', searchValue = '226'\nproductname = 'Ek (male)', leatherProfile = 'Black Sheep', hardware = 'Silver'\nlining = 'Black', polyfill = 'No'\n\n    @allure.title(\"Search Functionality\")\n    @allure.description(\"Search and verify item\")\n    @allure.severity(allure.severity_level.NORMAL)\n    @data(*Utils.read_xlsx(\"../TestData/OrderTestData/orderTestCase.xlsx\", \"searchInput\"))\n    @unpack\n    def test_Search_functionality(self, username, password, searchValue, productname, leatherProfile, hardware, lining, polyfill):\n        # Login with Admin\n        self.LoginMethod.nativelogin(username, password)\n        try:\n    \n            # TODO --- Resolve wrong Search Item issue.\n            self.assertEqual(\n                self.Order.searchBar(searchValue, productname, leatherProfile, hardware, lining, polyfill), True,\n                msg=\"Verification Failed to Create a new user.\")\n    \n        # Checking if assertion failed\n        except (NoSuchElementException, AssertionError, TimeoutException, AttributeError) as e:\n            allure.attach(self.driver.get_screenshot_as_png(), name=\"Creating order for Store.\",\n                          attachment_type=AttachmentType.PNG)\n>           self.log.error(f\"Assertion failed here while finding element. {str(e)}\")\nE           AttributeError: 'TestOrder' object has no attribute 'log'\n\nTestOrder.py:173: AttributeError","flaky":false,"newFailed":false,"newBroken":true,"newPassed":false,"retriesCount":0,"retriesStatusChange":false,"beforeStages":[{"name":"_unittest_setUpClass_fixture_TestOrder","time":{"start":1687500628072,"stop":1687500628072,"duration":0},"status":"passed","steps":[],"attachments":[],"parameters":[],"attachmentsCount":0,"shouldDisplayMessage":false,"stepsCount":0,"hasContent":false}],"testStage":{"description":"Search and verify item","status":"broken","statusMessage":"AttributeError: 'TestOrder' object has no attribute 'log'","statusTrace":"self = <TestsCases.TestOrder.TestOrder testMethod=test_Search_functionality_1___frugal_latido_com_np____Test_123____226____Ek__male_____Black_Sheep____Silver____Black____No__>\nusername = 'frugal@latido.com.np', password = 'Test@123', searchValue = '226'\nproductname = 'Ek (male)', leatherProfile = 'Black Sheep', hardware = 'Silver'\nlining = 'Black', polyfill = 'No'\n\n    @allure.title(\"Search Functionality\")\n    @allure.description(\"Search and verify item\")\n    @allure.severity(allure.severity_level.NORMAL)\n    @data(*Utils.read_xlsx(\"../TestData/OrderTestData/orderTestCase.xlsx\", \"searchInput\"))\n    @unpack\n    def test_Search_functionality(self, username, password, searchValue, productname, leatherProfile, hardware, lining, polyfill):\n        # Login with Admin\n        self.LoginMethod.nativelogin(username, password)\n        try:\n    \n            # TODO --- Resolve wrong Search Item issue.\n            self.assertEqual(\n>               self.Order.searchBar(searchValue, productname, leatherProfile, hardware, lining, polyfill), True,\n                msg=\"Verification Failed to Create a new user.\")\n\nTestOrder.py:166: \n_ _ _ _ _ _ _ _ _ _ _ _ _ _ _ _ _ _ _ _ _ _ _ _ _ _ _ _ _ _ _ _ _ _ _ _ _ _ _ _\n\nself = <executions.OrdersExecutions.OrderMethods.OrderMethod object at 0x00000155ADE66EF0>\nsearchItem = '226', productname = 'Ek (male)', leatherProfile = 'Black Sheep'\nhardware = 'Silver', lining = 'Black', polyfill = 'No'\n\n    def searchBar(self, searchItem, productname, leatherProfile, hardware, lining, polyfill):\n        self.navigateToOrderTab()\n        self.search.click_on_search(searchItem)\n        time.sleep(2)\n>       self.order_ls.get_latest_customer_orderID().click()\nE       AttributeError: 'NoneType' object has no attribute 'click'\n\n..\\executions\\OrdersExecutions\\OrderMethods.py:364: AttributeError\n\nDuring handling of the above exception, another exception occurred:\n\nself = <TestsCases.TestOrder.TestOrder testMethod=test_Search_functionality_1___frugal_latido_com_np____Test_123____226____Ek__male_____Black_Sheep____Silver____Black____No__>\nusername = 'frugal@latido.com.np', password = 'Test@123', searchValue = '226'\nproductname = 'Ek (male)', leatherProfile = 'Black Sheep', hardware = 'Silver'\nlining = 'Black', polyfill = 'No'\n\n    @allure.title(\"Search Functionality\")\n    @allure.description(\"Search and verify item\")\n    @allure.severity(allure.severity_level.NORMAL)\n    @data(*Utils.read_xlsx(\"../TestData/OrderTestData/orderTestCase.xlsx\", \"searchInput\"))\n    @unpack\n    def test_Search_functionality(self, username, password, searchValue, productname, leatherProfile, hardware, lining, polyfill):\n        # Login with Admin\n        self.LoginMethod.nativelogin(username, password)\n        try:\n    \n            # TODO --- Resolve wrong Search Item issue.\n            self.assertEqual(\n                self.Order.searchBar(searchValue, productname, leatherProfile, hardware, lining, polyfill), True,\n                msg=\"Verification Failed to Create a new user.\")\n    \n        # Checking if assertion failed\n        except (NoSuchElementException, AssertionError, TimeoutException, AttributeError) as e:\n            allure.attach(self.driver.get_screenshot_as_png(), name=\"Creating order for Store.\",\n                          attachment_type=AttachmentType.PNG)\n>           self.log.error(f\"Assertion failed here while finding element. {str(e)}\")\nE           AttributeError: 'TestOrder' object has no attribute 'log'\n\nTestOrder.py:173: AttributeError","steps":[],"attachments":[{"uid":"6e930fa626cd9e44","name":"Creating order for Store.","source":"6e930fa626cd9e44.png","type":"image/png","size":96227},{"uid":"a0229083ddf219c8","name":"log","source":"a0229083ddf219c8.txt","type":"text/plain","size":798}],"parameters":[],"attachmentsCount":2,"shouldDisplayMessage":true,"stepsCount":0,"hasContent":true},"afterStages":[{"name":"_unittest_setUpClass_fixture_TestOrder::0","time":{"start":1687502716177,"stop":1687502716177,"duration":0},"status":"passed","steps":[],"attachments":[],"parameters":[],"attachmentsCount":0,"shouldDisplayMessage":false,"stepsCount":0,"hasContent":false}],"labels":[{"name":"feature","value":"Order List"},{"name":"severity","value":"normal"},{"name":"suite","value":"TestOrder"},{"name":"subSuite","value":"TestOrder"},{"name":"host","value":"0day"},{"name":"thread","value":"2692-MainThread"},{"name":"framework","value":"pytest"},{"name":"language","value":"cpython3"},{"name":"package","value":"TestOrder"},{"name":"resultFormat","value":"allure2"}],"parameters":[],"links":[],"hidden":false,"retry":false,"extra":{"severity":"normal","retries":[],"categories":[{"name":"Test defects","matchedStatuses":[],"flaky":false}],"history":{"statistic":{"failed":0,"broken":1,"skipped":0,"passed":8,"unknown":0,"total":9},"items":[{"uid":"aec57888d9d1c015","status":"passed","time":{"start":1686890335094,"stop":1686890364509,"duration":29415}},{"uid":"75ad4a33625358c7","status":"passed","time":{"start":1686287000732,"stop":1686287029269,"duration":28537}},{"uid":"cf23e71ef8f34958","status":"passed","time":{"start":1685709569663,"stop":1685709597756,"duration":28093}},{"uid":"29357fceb90bc342","status":"passed","time":{"start":1685343794979,"stop":1685343823681,"duration":28702}},{"uid":"c40b5086c4f03455","status":"passed","time":{"start":1685106857574,"stop":1685106883219,"duration":25645}},{"uid":"455a1f52de604c1e","status":"passed","time":{"start":1685021911346,"stop":1685021936542,"duration":25196}},{"uid":"2185b7a9d14373e6","status":"passed","time":{"start":1684415461436,"stop":1684415492973,"duration":31537}},{"uid":"1dbf73f79040f43","status":"passed","time":{"start":1683886254656,"stop":1683886282631,"duration":27975}}]},"tags":[]},"source":"8f92988bd7fcf2a0.json","parameterValues":[]}