{"uid":"987c11c8ece8d9fd","name":"Search Functionality","fullName":"TestOrder.TestOrder#test_Search_functionality_4___frugal_latido_com_np____Test_123____222____Luigi__male_____Pink_Foil____Golden_Antique____Black____Yes__","historyId":"e2c441109a56571a4c7ce4d55c2b8a69","time":{"start":1687500705745,"stop":1687500728286,"duration":22541},"description":"Search and verify item","descriptionHtml":"<p>Search and verify item</p>\n","status":"broken","statusMessage":"AttributeError: 'TestOrder' object has no attribute 'log'","statusTrace":"self = <TestsCases.TestOrder.TestOrder testMethod=test_Search_functionality_4___frugal_latido_com_np____Test_123____222____Luigi__male_____Pink_Foil____Golden_Antique____Black____Yes__>\nusername = 'frugal@latido.com.np', password = 'Test@123', searchValue = '222'\nproductname = 'Luigi (male)', leatherProfile = 'Pink Foil'\nhardware = 'Golden Antique', lining = 'Black', polyfill = 'Yes'\n\n    @allure.title(\"Search Functionality\")\n    @allure.description(\"Search and verify item\")\n    @allure.severity(allure.severity_level.NORMAL)\n    @data(*Utils.read_xlsx(\"../TestData/OrderTestData/orderTestCase.xlsx\", \"searchInput\"))\n    @unpack\n    def test_Search_functionality(self, username, password, searchValue, productname, leatherProfile, hardware, lining, polyfill):\n        # Login with Admin\n        self.LoginMethod.nativelogin(username, password)\n        try:\n    \n            # TODO --- Resolve wrong Search Item issue.\n            self.assertEqual(\n>               self.Order.searchBar(searchValue, productname, leatherProfile, hardware, lining, polyfill), True,\n                msg=\"Verification Failed to Create a new user.\")\n\nTestOrder.py:166: \n_ _ _ _ _ _ _ _ _ _ _ _ _ _ _ _ _ _ _ _ _ _ _ _ _ _ _ _ _ _ _ _ _ _ _ _ _ _ _ _\n\nself = <executions.OrdersExecutions.OrderMethods.OrderMethod object at 0x00000155ADEFF370>\nsearchItem = '222', productname = 'Luigi (male)', leatherProfile = 'Pink Foil'\nhardware = 'Golden Antique', lining = 'Black', polyfill = 'Yes'\n\n    def searchBar(self, searchItem, productname, leatherProfile, hardware, lining, polyfill):\n        self.navigateToOrderTab()\n        self.search.click_on_search(searchItem)\n        time.sleep(2)\n>       self.order_ls.get_latest_customer_orderID().click()\nE       AttributeError: 'NoneType' object has no attribute 'click'\n\n..\\executions\\OrdersExecutions\\OrderMethods.py:364: AttributeError\n\nDuring handling of the above exception, another exception occurred:\n\nself = <TestsCases.TestOrder.TestOrder testMethod=test_Search_functionality_4___frugal_latido_com_np____Test_123____222____Luigi__male_____Pink_Foil____Golden_Antique____Black____Yes__>\nusername = 'frugal@latido.com.np', password = 'Test@123', searchValue = '222'\nproductname = 'Luigi (male)', leatherProfile = 'Pink Foil'\nhardware = 'Golden Antique', lining = 'Black', polyfill = 'Yes'\n\n    @allure.title(\"Search Functionality\")\n    @allure.description(\"Search and verify item\")\n    @allure.severity(allure.severity_level.NORMAL)\n    @data(*Utils.read_xlsx(\"../TestData/OrderTestData/orderTestCase.xlsx\", \"searchInput\"))\n    @unpack\n    def test_Search_functionality(self, username, password, searchValue, productname, leatherProfile, hardware, lining, polyfill):\n        # Login with Admin\n        self.LoginMethod.nativelogin(username, password)\n        try:\n    \n            # TODO --- Resolve wrong Search Item issue.\n            self.assertEqual(\n                self.Order.searchBar(searchValue, productname, leatherProfile, hardware, lining, polyfill), True,\n                msg=\"Verification Failed to Create a new user.\")\n    \n        # Checking if assertion failed\n        except (NoSuchElementException, AssertionError, TimeoutException, AttributeError) as e:\n            allure.attach(self.driver.get_screenshot_as_png(), name=\"Creating order for Store.\",\n                          attachment_type=AttachmentType.PNG)\n>           self.log.error(f\"Assertion failed here while finding element. {str(e)}\")\nE           AttributeError: 'TestOrder' object has no attribute 'log'\n\nTestOrder.py:173: AttributeError","flaky":false,"newFailed":false,"newBroken":true,"newPassed":false,"retriesCount":0,"retriesStatusChange":false,"beforeStages":[{"name":"_unittest_setUpClass_fixture_TestOrder","time":{"start":1687500628072,"stop":1687500628072,"duration":0},"status":"passed","steps":[],"attachments":[],"parameters":[],"attachmentsCount":0,"shouldDisplayMessage":false,"stepsCount":0,"hasContent":false}],"testStage":{"description":"Search and verify item","status":"broken","statusMessage":"AttributeError: 'TestOrder' object has no attribute 'log'","statusTrace":"self = <TestsCases.TestOrder.TestOrder testMethod=test_Search_functionality_4___frugal_latido_com_np____Test_123____222____Luigi__male_____Pink_Foil____Golden_Antique____Black____Yes__>\nusername = 'frugal@latido.com.np', password = 'Test@123', searchValue = '222'\nproductname = 'Luigi (male)', leatherProfile = 'Pink Foil'\nhardware = 'Golden Antique', lining = 'Black', polyfill = 'Yes'\n\n    @allure.title(\"Search Functionality\")\n    @allure.description(\"Search and verify item\")\n    @allure.severity(allure.severity_level.NORMAL)\n    @data(*Utils.read_xlsx(\"../TestData/OrderTestData/orderTestCase.xlsx\", \"searchInput\"))\n    @unpack\n    def test_Search_functionality(self, username, password, searchValue, productname, leatherProfile, hardware, lining, polyfill):\n        # Login with Admin\n        self.LoginMethod.nativelogin(username, password)\n        try:\n    \n            # TODO --- Resolve wrong Search Item issue.\n            self.assertEqual(\n>               self.Order.searchBar(searchValue, productname, leatherProfile, hardware, lining, polyfill), True,\n                msg=\"Verification Failed to Create a new user.\")\n\nTestOrder.py:166: \n_ _ _ _ _ _ _ _ _ _ _ _ _ _ _ _ _ _ _ _ _ _ _ _ _ _ _ _ _ _ _ _ _ _ _ _ _ _ _ _\n\nself = <executions.OrdersExecutions.OrderMethods.OrderMethod object at 0x00000155ADEFF370>\nsearchItem = '222', productname = 'Luigi (male)', leatherProfile = 'Pink Foil'\nhardware = 'Golden Antique', lining = 'Black', polyfill = 'Yes'\n\n    def searchBar(self, searchItem, productname, leatherProfile, hardware, lining, polyfill):\n        self.navigateToOrderTab()\n        self.search.click_on_search(searchItem)\n        time.sleep(2)\n>       self.order_ls.get_latest_customer_orderID().click()\nE       AttributeError: 'NoneType' object has no attribute 'click'\n\n..\\executions\\OrdersExecutions\\OrderMethods.py:364: AttributeError\n\nDuring handling of the above exception, another exception occurred:\n\nself = <TestsCases.TestOrder.TestOrder testMethod=test_Search_functionality_4___frugal_latido_com_np____Test_123____222____Luigi__male_____Pink_Foil____Golden_Antique____Black____Yes__>\nusername = 'frugal@latido.com.np', password = 'Test@123', searchValue = '222'\nproductname = 'Luigi (male)', leatherProfile = 'Pink Foil'\nhardware = 'Golden Antique', lining = 'Black', polyfill = 'Yes'\n\n    @allure.title(\"Search Functionality\")\n    @allure.description(\"Search and verify item\")\n    @allure.severity(allure.severity_level.NORMAL)\n    @data(*Utils.read_xlsx(\"../TestData/OrderTestData/orderTestCase.xlsx\", \"searchInput\"))\n    @unpack\n    def test_Search_functionality(self, username, password, searchValue, productname, leatherProfile, hardware, lining, polyfill):\n        # Login with Admin\n        self.LoginMethod.nativelogin(username, password)\n        try:\n    \n            # TODO --- Resolve wrong Search Item issue.\n            self.assertEqual(\n                self.Order.searchBar(searchValue, productname, leatherProfile, hardware, lining, polyfill), True,\n                msg=\"Verification Failed to Create a new user.\")\n    \n        # Checking if assertion failed\n        except (NoSuchElementException, AssertionError, TimeoutException, AttributeError) as e:\n            allure.attach(self.driver.get_screenshot_as_png(), name=\"Creating order for Store.\",\n                          attachment_type=AttachmentType.PNG)\n>           self.log.error(f\"Assertion failed here while finding element. {str(e)}\")\nE           AttributeError: 'TestOrder' object has no attribute 'log'\n\nTestOrder.py:173: AttributeError","steps":[],"attachments":[{"uid":"81473b63567d7352","name":"Creating order for Store.","source":"81473b63567d7352.png","type":"image/png","size":96255},{"uid":"a06af2d0a03303cd","name":"log","source":"a06af2d0a03303cd.txt","type":"text/plain","size":798}],"parameters":[],"attachmentsCount":2,"shouldDisplayMessage":true,"stepsCount":0,"hasContent":true},"afterStages":[{"name":"_unittest_setUpClass_fixture_TestOrder::0","time":{"start":1687502716177,"stop":1687502716177,"duration":0},"status":"passed","steps":[],"attachments":[],"parameters":[],"attachmentsCount":0,"shouldDisplayMessage":false,"stepsCount":0,"hasContent":false}],"labels":[{"name":"feature","value":"Order List"},{"name":"severity","value":"normal"},{"name":"suite","value":"TestOrder"},{"name":"subSuite","value":"TestOrder"},{"name":"host","value":"0day"},{"name":"thread","value":"2692-MainThread"},{"name":"framework","value":"pytest"},{"name":"language","value":"cpython3"},{"name":"package","value":"TestOrder"},{"name":"resultFormat","value":"allure2"}],"parameters":[],"links":[],"hidden":false,"retry":false,"extra":{"severity":"normal","retries":[],"categories":[{"name":"Test defects","matchedStatuses":[],"flaky":false}],"history":{"statistic":{"failed":0,"broken":1,"skipped":0,"passed":8,"unknown":0,"total":9},"items":[{"uid":"47ce053287e1d5f7","status":"passed","time":{"start":1686890417910,"stop":1686890442308,"duration":24398}},{"uid":"6fc605fa74dcee5e","status":"passed","time":{"start":1686287082901,"stop":1686287107393,"duration":24492}},{"uid":"bcaad38fdbc1f2a2","status":"passed","time":{"start":1685709648812,"stop":1685709671269,"duration":22457}},{"uid":"d25b0abb1976424b","status":"passed","time":{"start":1685343872026,"stop":1685343893790,"duration":21764}},{"uid":"ac7b05f628f6ddd7","status":"passed","time":{"start":1685106931415,"stop":1685106953651,"duration":22236}},{"uid":"eec76dc8069fde6d","status":"passed","time":{"start":1685021983617,"stop":1685022006326,"duration":22709}},{"uid":"c2815d392ce35712","status":"passed","time":{"start":1684415543197,"stop":1684415566965,"duration":23768}},{"uid":"bc921f0d95486574","status":"passed","time":{"start":1683886332495,"stop":1683886355355,"duration":22860}}]},"tags":[]},"source":"987c11c8ece8d9fd.json","parameterValues":[]}