{"uid":"9f5da99a352390c8","name":"Checking Order synchronization  ","fullName":"TestOrder.TestOrder#test_check_order_synchronization_for_Customer_4___frugal_latido_com_np____Test_123____9813000000____male____Luigi__male_____Pink_Foil____41____Golden_Antique____Black____Yes____40___5_6__4_4__5__46__8__12__11__7__1__9___Comfort____Test_004____2023_06_29___100900_","historyId":"522a7a0cd0a9d77ae8092294fe5ce991","time":{"start":1687501027614,"stop":1687501119385,"duration":91771},"description":"Checking Order synchronization after creating a new customer order ","descriptionHtml":"<p>Checking Order synchronization after creating a new customer order</p>\n","status":"broken","statusMessage":"AttributeError: 'TestOrder' object has no attribute 'log'","statusTrace":"self = <TestsCases.TestOrder.TestOrder testMethod=test_check_order_synchronization_for_Customer_4___frugal_latido_com_np____T...lden_Antique____Black____Yes____40___5_6__4_4__5__46__8__12__11__7__1__9___Comfort____Test_004____2023_06_29___100900_>\nusername = 'frugal@latido.com.np', password = 'Test@123'\ncontactNo = '9813000000', gender = 'male', productname = 'Luigi (male)'\nleatherProfile = 'Pink Foil', leatherSize = '41', hardware = 'Golden Antique'\nlining = 'Black', polyfill = 'Yes', size = '40', armhole = 5.6, height = 4.4\nshoulder = 5, weight = 46, length = 8, arms = 12, hips = 11, chest = 7\nwaist = 1, sleeves = 9, bodytype = 'Comfort', remark = 'Test 004'\ndate = '2023-06-29', OTP = 100900\n\n    @allure.title(\"Checking Order synchronization  \")\n    @allure.description(\"Checking Order synchronization after creating a new customer order \")\n    @allure.severity(allure.severity_level.NORMAL)\n    @data(*Utils.read_xlsx(\"../TestData/OrderTestData/orderTestCase.xlsx\", \"forSync\"))\n    @unpack\n    def test_check_order_synchronization_for_Customer(self, username, password, contactNo, gender, productname, leatherProfile,\n                                   leatherSize, hardware, lining, polyfill, size, armhole, height, shoulder, weight,\n                                   length, arms, hips, chest, waist, sleeves, bodytype, remark, date, OTP):\n        self.LoginMethod.nativelogin(username, password)\n        try:\n            self.assertEqual(\n>               self.Order.navigate_to_customer_order_list(contactNo, gender, productname, leatherProfile, leatherSize, hardware,\n                                                lining, polyfill, size, armhole, height, shoulder, weight, length, arms,\n                                                hips, chest, waist, sleeves, bodytype, remark, date, OTP), True,\n                msg=\"Verification Failed to Create a new user.\")\n\nTestOrder.py:118: \n_ _ _ _ _ _ _ _ _ _ _ _ _ _ _ _ _ _ _ _ _ _ _ _ _ _ _ _ _ _ _ _ _ _ _ _ _ _ _ _\n\nself = <executions.OrdersExecutions.OrderMethods.OrderMethod object at 0x00000155ADDED0C0>\ncontactNo = '9813000000', gender = 'male', productname = 'Luigi (male)'\nleatherProfile = 'Pink Foil', leatherSize = '41', hardware = 'Golden Antique'\nlining = 'Black', polyfill = 'Yes', size = '40', armhole = 5.6, height = 4.4\nshoulder = 5, weight = 46, length = 8, arms = 12, hips = 11, chest = 7\nwaist = 1, sleeves = 9, bodytype = 'Comfort', remark = 'Test 004'\ndate = '2023-06-29', OTP = 100900\n\n    def navigate_to_customer_order_list(self, contactNo, gender, productname, leatherProfile, leatherSize, hardware,\n                                        lining, polyfill, size, armhole, height, shoulder, weight, length, arms, hips, chest,\n                                        waist, sleeves, bodytype, remark, date, OTP):\n    \n        self.createOrder_Customer(contactNo, gender, productname, leatherProfile, leatherSize, hardware,\n                                  lining, polyfill, size, armhole, height, shoulder, weight, length, arms, hips,\n                                  chest, waist, sleeves, bodytype, remark, date, OTP)\n        self.order_ls.click_on_goto_order()\n>       self.order_ls.get_latest_customer_orderID().click()\nE       AttributeError: 'NoneType' object has no attribute 'click'\n\n..\\executions\\OrdersExecutions\\OrderMethods.py:341: AttributeError\n\nDuring handling of the above exception, another exception occurred:\n\nself = <TestsCases.TestOrder.TestOrder testMethod=test_check_order_synchronization_for_Customer_4___frugal_latido_com_np____T...lden_Antique____Black____Yes____40___5_6__4_4__5__46__8__12__11__7__1__9___Comfort____Test_004____2023_06_29___100900_>\nusername = 'frugal@latido.com.np', password = 'Test@123'\ncontactNo = '9813000000', gender = 'male', productname = 'Luigi (male)'\nleatherProfile = 'Pink Foil', leatherSize = '41', hardware = 'Golden Antique'\nlining = 'Black', polyfill = 'Yes', size = '40', armhole = 5.6, height = 4.4\nshoulder = 5, weight = 46, length = 8, arms = 12, hips = 11, chest = 7\nwaist = 1, sleeves = 9, bodytype = 'Comfort', remark = 'Test 004'\ndate = '2023-06-29', OTP = 100900\n\n    @allure.title(\"Checking Order synchronization  \")\n    @allure.description(\"Checking Order synchronization after creating a new customer order \")\n    @allure.severity(allure.severity_level.NORMAL)\n    @data(*Utils.read_xlsx(\"../TestData/OrderTestData/orderTestCase.xlsx\", \"forSync\"))\n    @unpack\n    def test_check_order_synchronization_for_Customer(self, username, password, contactNo, gender, productname, leatherProfile,\n                                   leatherSize, hardware, lining, polyfill, size, armhole, height, shoulder, weight,\n                                   length, arms, hips, chest, waist, sleeves, bodytype, remark, date, OTP):\n        self.LoginMethod.nativelogin(username, password)\n        try:\n            self.assertEqual(\n                self.Order.navigate_to_customer_order_list(contactNo, gender, productname, leatherProfile, leatherSize, hardware,\n                                                lining, polyfill, size, armhole, height, shoulder, weight, length, arms,\n                                                hips, chest, waist, sleeves, bodytype, remark, date, OTP), True,\n                msg=\"Verification Failed to Create a new user.\")\n    \n        # Checking if assertion failed\n        except (NoSuchElementException, AssertionError, TimeoutException, AttributeError) as e:\n            allure.attach(self.driver.get_screenshot_as_png(), name=\"Creating order for Store.\",\n                          attachment_type=AttachmentType.PNG)\n>           self.log.error(f\"Assertion failed here while finding element. {str(e)}\")\nE           AttributeError: 'TestOrder' object has no attribute 'log'\n\nTestOrder.py:127: AttributeError","flaky":false,"newFailed":false,"newBroken":true,"newPassed":false,"retriesCount":0,"retriesStatusChange":false,"beforeStages":[{"name":"_unittest_setUpClass_fixture_TestOrder","time":{"start":1687500628072,"stop":1687500628072,"duration":0},"status":"passed","steps":[],"attachments":[],"parameters":[],"attachmentsCount":0,"shouldDisplayMessage":false,"stepsCount":0,"hasContent":false}],"testStage":{"description":"Checking Order synchronization after creating a new customer order ","status":"broken","statusMessage":"AttributeError: 'TestOrder' object has no attribute 'log'","statusTrace":"self = <TestsCases.TestOrder.TestOrder testMethod=test_check_order_synchronization_for_Customer_4___frugal_latido_com_np____T...lden_Antique____Black____Yes____40___5_6__4_4__5__46__8__12__11__7__1__9___Comfort____Test_004____2023_06_29___100900_>\nusername = 'frugal@latido.com.np', password = 'Test@123'\ncontactNo = '9813000000', gender = 'male', productname = 'Luigi (male)'\nleatherProfile = 'Pink Foil', leatherSize = '41', hardware = 'Golden Antique'\nlining = 'Black', polyfill = 'Yes', size = '40', armhole = 5.6, height = 4.4\nshoulder = 5, weight = 46, length = 8, arms = 12, hips = 11, chest = 7\nwaist = 1, sleeves = 9, bodytype = 'Comfort', remark = 'Test 004'\ndate = '2023-06-29', OTP = 100900\n\n    @allure.title(\"Checking Order synchronization  \")\n    @allure.description(\"Checking Order synchronization after creating a new customer order \")\n    @allure.severity(allure.severity_level.NORMAL)\n    @data(*Utils.read_xlsx(\"../TestData/OrderTestData/orderTestCase.xlsx\", \"forSync\"))\n    @unpack\n    def test_check_order_synchronization_for_Customer(self, username, password, contactNo, gender, productname, leatherProfile,\n                                   leatherSize, hardware, lining, polyfill, size, armhole, height, shoulder, weight,\n                                   length, arms, hips, chest, waist, sleeves, bodytype, remark, date, OTP):\n        self.LoginMethod.nativelogin(username, password)\n        try:\n            self.assertEqual(\n>               self.Order.navigate_to_customer_order_list(contactNo, gender, productname, leatherProfile, leatherSize, hardware,\n                                                lining, polyfill, size, armhole, height, shoulder, weight, length, arms,\n                                                hips, chest, waist, sleeves, bodytype, remark, date, OTP), True,\n                msg=\"Verification Failed to Create a new user.\")\n\nTestOrder.py:118: \n_ _ _ _ _ _ _ _ _ _ _ _ _ _ _ _ _ _ _ _ _ _ _ _ _ _ _ _ _ _ _ _ _ _ _ _ _ _ _ _\n\nself = <executions.OrdersExecutions.OrderMethods.OrderMethod object at 0x00000155ADDED0C0>\ncontactNo = '9813000000', gender = 'male', productname = 'Luigi (male)'\nleatherProfile = 'Pink Foil', leatherSize = '41', hardware = 'Golden Antique'\nlining = 'Black', polyfill = 'Yes', size = '40', armhole = 5.6, height = 4.4\nshoulder = 5, weight = 46, length = 8, arms = 12, hips = 11, chest = 7\nwaist = 1, sleeves = 9, bodytype = 'Comfort', remark = 'Test 004'\ndate = '2023-06-29', OTP = 100900\n\n    def navigate_to_customer_order_list(self, contactNo, gender, productname, leatherProfile, leatherSize, hardware,\n                                        lining, polyfill, size, armhole, height, shoulder, weight, length, arms, hips, chest,\n                                        waist, sleeves, bodytype, remark, date, OTP):\n    \n        self.createOrder_Customer(contactNo, gender, productname, leatherProfile, leatherSize, hardware,\n                                  lining, polyfill, size, armhole, height, shoulder, weight, length, arms, hips,\n                                  chest, waist, sleeves, bodytype, remark, date, OTP)\n        self.order_ls.click_on_goto_order()\n>       self.order_ls.get_latest_customer_orderID().click()\nE       AttributeError: 'NoneType' object has no attribute 'click'\n\n..\\executions\\OrdersExecutions\\OrderMethods.py:341: AttributeError\n\nDuring handling of the above exception, another exception occurred:\n\nself = <TestsCases.TestOrder.TestOrder testMethod=test_check_order_synchronization_for_Customer_4___frugal_latido_com_np____T...lden_Antique____Black____Yes____40___5_6__4_4__5__46__8__12__11__7__1__9___Comfort____Test_004____2023_06_29___100900_>\nusername = 'frugal@latido.com.np', password = 'Test@123'\ncontactNo = '9813000000', gender = 'male', productname = 'Luigi (male)'\nleatherProfile = 'Pink Foil', leatherSize = '41', hardware = 'Golden Antique'\nlining = 'Black', polyfill = 'Yes', size = '40', armhole = 5.6, height = 4.4\nshoulder = 5, weight = 46, length = 8, arms = 12, hips = 11, chest = 7\nwaist = 1, sleeves = 9, bodytype = 'Comfort', remark = 'Test 004'\ndate = '2023-06-29', OTP = 100900\n\n    @allure.title(\"Checking Order synchronization  \")\n    @allure.description(\"Checking Order synchronization after creating a new customer order \")\n    @allure.severity(allure.severity_level.NORMAL)\n    @data(*Utils.read_xlsx(\"../TestData/OrderTestData/orderTestCase.xlsx\", \"forSync\"))\n    @unpack\n    def test_check_order_synchronization_for_Customer(self, username, password, contactNo, gender, productname, leatherProfile,\n                                   leatherSize, hardware, lining, polyfill, size, armhole, height, shoulder, weight,\n                                   length, arms, hips, chest, waist, sleeves, bodytype, remark, date, OTP):\n        self.LoginMethod.nativelogin(username, password)\n        try:\n            self.assertEqual(\n                self.Order.navigate_to_customer_order_list(contactNo, gender, productname, leatherProfile, leatherSize, hardware,\n                                                lining, polyfill, size, armhole, height, shoulder, weight, length, arms,\n                                                hips, chest, waist, sleeves, bodytype, remark, date, OTP), True,\n                msg=\"Verification Failed to Create a new user.\")\n    \n        # Checking if assertion failed\n        except (NoSuchElementException, AssertionError, TimeoutException, AttributeError) as e:\n            allure.attach(self.driver.get_screenshot_as_png(), name=\"Creating order for Store.\",\n                          attachment_type=AttachmentType.PNG)\n>           self.log.error(f\"Assertion failed here while finding element. {str(e)}\")\nE           AttributeError: 'TestOrder' object has no attribute 'log'\n\nTestOrder.py:127: AttributeError","steps":[],"attachments":[{"uid":"341b9c3ec345c9d4","name":"Creating order for Store.","source":"341b9c3ec345c9d4.png","type":"image/png","size":125286},{"uid":"693be707a6db60ce","name":"log","source":"693be707a6db60ce.txt","type":"text/plain","size":4910}],"parameters":[],"attachmentsCount":2,"shouldDisplayMessage":true,"stepsCount":0,"hasContent":true},"afterStages":[{"name":"_unittest_setUpClass_fixture_TestOrder::0","time":{"start":1687502716177,"stop":1687502716177,"duration":0},"status":"passed","steps":[],"attachments":[],"parameters":[],"attachmentsCount":0,"shouldDisplayMessage":false,"stepsCount":0,"hasContent":false}],"labels":[{"name":"feature","value":"Order List"},{"name":"severity","value":"normal"},{"name":"suite","value":"TestOrder"},{"name":"subSuite","value":"TestOrder"},{"name":"host","value":"0day"},{"name":"thread","value":"2692-MainThread"},{"name":"framework","value":"pytest"},{"name":"language","value":"cpython3"},{"name":"package","value":"TestOrder"},{"name":"resultFormat","value":"allure2"}],"parameters":[],"links":[],"hidden":false,"retry":false,"extra":{"severity":"normal","retries":[],"categories":[{"name":"Test defects","matchedStatuses":[],"flaky":false}],"history":{"statistic":{"failed":0,"broken":1,"skipped":0,"passed":3,"unknown":0,"total":4},"items":[{"uid":"808189969278cb2a","status":"passed","time":{"start":1686890703304,"stop":1686890776344,"duration":73040}},{"uid":"d6ebd9fc43fb6359","status":"passed","time":{"start":1686287373556,"stop":1686287451802,"duration":78246}},{"uid":"a4c98d96ef15a054","status":"passed","time":{"start":1685709914611,"stop":1685709991729,"duration":77118}}]},"tags":[]},"source":"9f5da99a352390c8.json","parameterValues":[]}