{"uid":"ba1cc6f8ceb5f935","name":"Checking Order synchronization  ","fullName":"TestOrder.TestOrder#test_check_order_synchronization_for_Customer_2___frugal_latido_com_np____Test_123____9813670780____male____Exemplar__male_____Bronze_Mist_Antique____42____Golden_Antique____Black____Yes____40___5_6__4_4__5__46__8__12__11__7__1__9___Skin_Tight____Test_002____2023_06_29___100900_","historyId":"95deb5749beccce6b98c7e677d237cff","time":{"start":1687500849490,"stop":1687500938691,"duration":89201},"description":"Checking Order synchronization after creating a new customer order ","descriptionHtml":"<p>Checking Order synchronization after creating a new customer order</p>\n","status":"broken","statusMessage":"AttributeError: 'TestOrder' object has no attribute 'log'","statusTrace":"self = <TestsCases.TestOrder.TestOrder testMethod=test_check_order_synchronization_for_Customer_2___frugal_latido_com_np____T...n_Antique____Black____Yes____40___5_6__4_4__5__46__8__12__11__7__1__9___Skin_Tight____Test_002____2023_06_29___100900_>\nusername = 'frugal@latido.com.np', password = 'Test@123'\ncontactNo = '9813670780', gender = 'male', productname = 'Exemplar (male)'\nleatherProfile = 'Bronze Mist Antique', leatherSize = '42'\nhardware = 'Golden Antique', lining = 'Black', polyfill = 'Yes', size = '40'\narmhole = 5.6, height = 4.4, shoulder = 5, weight = 46, length = 8, arms = 12\nhips = 11, chest = 7, waist = 1, sleeves = 9, bodytype = 'Skin Tight'\nremark = 'Test 002', date = '2023-06-29', OTP = 100900\n\n    @allure.title(\"Checking Order synchronization  \")\n    @allure.description(\"Checking Order synchronization after creating a new customer order \")\n    @allure.severity(allure.severity_level.NORMAL)\n    @data(*Utils.read_xlsx(\"../TestData/OrderTestData/orderTestCase.xlsx\", \"forSync\"))\n    @unpack\n    def test_check_order_synchronization_for_Customer(self, username, password, contactNo, gender, productname, leatherProfile,\n                                   leatherSize, hardware, lining, polyfill, size, armhole, height, shoulder, weight,\n                                   length, arms, hips, chest, waist, sleeves, bodytype, remark, date, OTP):\n        self.LoginMethod.nativelogin(username, password)\n        try:\n            self.assertEqual(\n>               self.Order.navigate_to_customer_order_list(contactNo, gender, productname, leatherProfile, leatherSize, hardware,\n                                                lining, polyfill, size, armhole, height, shoulder, weight, length, arms,\n                                                hips, chest, waist, sleeves, bodytype, remark, date, OTP), True,\n                msg=\"Verification Failed to Create a new user.\")\n\nTestOrder.py:118: \n_ _ _ _ _ _ _ _ _ _ _ _ _ _ _ _ _ _ _ _ _ _ _ _ _ _ _ _ _ _ _ _ _ _ _ _ _ _ _ _\n\nself = <executions.OrdersExecutions.OrderMethods.OrderMethod object at 0x00000155ADF08460>\ncontactNo = '9813670780', gender = 'male', productname = 'Exemplar (male)'\nleatherProfile = 'Bronze Mist Antique', leatherSize = '42'\nhardware = 'Golden Antique', lining = 'Black', polyfill = 'Yes', size = '40'\narmhole = 5.6, height = 4.4, shoulder = 5, weight = 46, length = 8, arms = 12\nhips = 11, chest = 7, waist = 1, sleeves = 9, bodytype = 'Skin Tight'\nremark = 'Test 002', date = '2023-06-29', OTP = 100900\n\n    def navigate_to_customer_order_list(self, contactNo, gender, productname, leatherProfile, leatherSize, hardware,\n                                        lining, polyfill, size, armhole, height, shoulder, weight, length, arms, hips, chest,\n                                        waist, sleeves, bodytype, remark, date, OTP):\n    \n        self.createOrder_Customer(contactNo, gender, productname, leatherProfile, leatherSize, hardware,\n                                  lining, polyfill, size, armhole, height, shoulder, weight, length, arms, hips,\n                                  chest, waist, sleeves, bodytype, remark, date, OTP)\n        self.order_ls.click_on_goto_order()\n>       self.order_ls.get_latest_customer_orderID().click()\nE       AttributeError: 'NoneType' object has no attribute 'click'\n\n..\\executions\\OrdersExecutions\\OrderMethods.py:341: AttributeError\n\nDuring handling of the above exception, another exception occurred:\n\nself = <TestsCases.TestOrder.TestOrder testMethod=test_check_order_synchronization_for_Customer_2___frugal_latido_com_np____T...n_Antique____Black____Yes____40___5_6__4_4__5__46__8__12__11__7__1__9___Skin_Tight____Test_002____2023_06_29___100900_>\nusername = 'frugal@latido.com.np', password = 'Test@123'\ncontactNo = '9813670780', gender = 'male', productname = 'Exemplar (male)'\nleatherProfile = 'Bronze Mist Antique', leatherSize = '42'\nhardware = 'Golden Antique', lining = 'Black', polyfill = 'Yes', size = '40'\narmhole = 5.6, height = 4.4, shoulder = 5, weight = 46, length = 8, arms = 12\nhips = 11, chest = 7, waist = 1, sleeves = 9, bodytype = 'Skin Tight'\nremark = 'Test 002', date = '2023-06-29', OTP = 100900\n\n    @allure.title(\"Checking Order synchronization  \")\n    @allure.description(\"Checking Order synchronization after creating a new customer order \")\n    @allure.severity(allure.severity_level.NORMAL)\n    @data(*Utils.read_xlsx(\"../TestData/OrderTestData/orderTestCase.xlsx\", \"forSync\"))\n    @unpack\n    def test_check_order_synchronization_for_Customer(self, username, password, contactNo, gender, productname, leatherProfile,\n                                   leatherSize, hardware, lining, polyfill, size, armhole, height, shoulder, weight,\n                                   length, arms, hips, chest, waist, sleeves, bodytype, remark, date, OTP):\n        self.LoginMethod.nativelogin(username, password)\n        try:\n            self.assertEqual(\n                self.Order.navigate_to_customer_order_list(contactNo, gender, productname, leatherProfile, leatherSize, hardware,\n                                                lining, polyfill, size, armhole, height, shoulder, weight, length, arms,\n                                                hips, chest, waist, sleeves, bodytype, remark, date, OTP), True,\n                msg=\"Verification Failed to Create a new user.\")\n    \n        # Checking if assertion failed\n        except (NoSuchElementException, AssertionError, TimeoutException, AttributeError) as e:\n            allure.attach(self.driver.get_screenshot_as_png(), name=\"Creating order for Store.\",\n                          attachment_type=AttachmentType.PNG)\n>           self.log.error(f\"Assertion failed here while finding element. {str(e)}\")\nE           AttributeError: 'TestOrder' object has no attribute 'log'\n\nTestOrder.py:127: AttributeError","flaky":false,"newFailed":false,"newBroken":true,"newPassed":false,"retriesCount":0,"retriesStatusChange":false,"beforeStages":[{"name":"_unittest_setUpClass_fixture_TestOrder","time":{"start":1687500628072,"stop":1687500628072,"duration":0},"status":"passed","steps":[],"attachments":[],"parameters":[],"attachmentsCount":0,"shouldDisplayMessage":false,"stepsCount":0,"hasContent":false}],"testStage":{"description":"Checking Order synchronization after creating a new customer order ","status":"broken","statusMessage":"AttributeError: 'TestOrder' object has no attribute 'log'","statusTrace":"self = <TestsCases.TestOrder.TestOrder testMethod=test_check_order_synchronization_for_Customer_2___frugal_latido_com_np____T...n_Antique____Black____Yes____40___5_6__4_4__5__46__8__12__11__7__1__9___Skin_Tight____Test_002____2023_06_29___100900_>\nusername = 'frugal@latido.com.np', password = 'Test@123'\ncontactNo = '9813670780', gender = 'male', productname = 'Exemplar (male)'\nleatherProfile = 'Bronze Mist Antique', leatherSize = '42'\nhardware = 'Golden Antique', lining = 'Black', polyfill = 'Yes', size = '40'\narmhole = 5.6, height = 4.4, shoulder = 5, weight = 46, length = 8, arms = 12\nhips = 11, chest = 7, waist = 1, sleeves = 9, bodytype = 'Skin Tight'\nremark = 'Test 002', date = '2023-06-29', OTP = 100900\n\n    @allure.title(\"Checking Order synchronization  \")\n    @allure.description(\"Checking Order synchronization after creating a new customer order \")\n    @allure.severity(allure.severity_level.NORMAL)\n    @data(*Utils.read_xlsx(\"../TestData/OrderTestData/orderTestCase.xlsx\", \"forSync\"))\n    @unpack\n    def test_check_order_synchronization_for_Customer(self, username, password, contactNo, gender, productname, leatherProfile,\n                                   leatherSize, hardware, lining, polyfill, size, armhole, height, shoulder, weight,\n                                   length, arms, hips, chest, waist, sleeves, bodytype, remark, date, OTP):\n        self.LoginMethod.nativelogin(username, password)\n        try:\n            self.assertEqual(\n>               self.Order.navigate_to_customer_order_list(contactNo, gender, productname, leatherProfile, leatherSize, hardware,\n                                                lining, polyfill, size, armhole, height, shoulder, weight, length, arms,\n                                                hips, chest, waist, sleeves, bodytype, remark, date, OTP), True,\n                msg=\"Verification Failed to Create a new user.\")\n\nTestOrder.py:118: \n_ _ _ _ _ _ _ _ _ _ _ _ _ _ _ _ _ _ _ _ _ _ _ _ _ _ _ _ _ _ _ _ _ _ _ _ _ _ _ _\n\nself = <executions.OrdersExecutions.OrderMethods.OrderMethod object at 0x00000155ADF08460>\ncontactNo = '9813670780', gender = 'male', productname = 'Exemplar (male)'\nleatherProfile = 'Bronze Mist Antique', leatherSize = '42'\nhardware = 'Golden Antique', lining = 'Black', polyfill = 'Yes', size = '40'\narmhole = 5.6, height = 4.4, shoulder = 5, weight = 46, length = 8, arms = 12\nhips = 11, chest = 7, waist = 1, sleeves = 9, bodytype = 'Skin Tight'\nremark = 'Test 002', date = '2023-06-29', OTP = 100900\n\n    def navigate_to_customer_order_list(self, contactNo, gender, productname, leatherProfile, leatherSize, hardware,\n                                        lining, polyfill, size, armhole, height, shoulder, weight, length, arms, hips, chest,\n                                        waist, sleeves, bodytype, remark, date, OTP):\n    \n        self.createOrder_Customer(contactNo, gender, productname, leatherProfile, leatherSize, hardware,\n                                  lining, polyfill, size, armhole, height, shoulder, weight, length, arms, hips,\n                                  chest, waist, sleeves, bodytype, remark, date, OTP)\n        self.order_ls.click_on_goto_order()\n>       self.order_ls.get_latest_customer_orderID().click()\nE       AttributeError: 'NoneType' object has no attribute 'click'\n\n..\\executions\\OrdersExecutions\\OrderMethods.py:341: AttributeError\n\nDuring handling of the above exception, another exception occurred:\n\nself = <TestsCases.TestOrder.TestOrder testMethod=test_check_order_synchronization_for_Customer_2___frugal_latido_com_np____T...n_Antique____Black____Yes____40___5_6__4_4__5__46__8__12__11__7__1__9___Skin_Tight____Test_002____2023_06_29___100900_>\nusername = 'frugal@latido.com.np', password = 'Test@123'\ncontactNo = '9813670780', gender = 'male', productname = 'Exemplar (male)'\nleatherProfile = 'Bronze Mist Antique', leatherSize = '42'\nhardware = 'Golden Antique', lining = 'Black', polyfill = 'Yes', size = '40'\narmhole = 5.6, height = 4.4, shoulder = 5, weight = 46, length = 8, arms = 12\nhips = 11, chest = 7, waist = 1, sleeves = 9, bodytype = 'Skin Tight'\nremark = 'Test 002', date = '2023-06-29', OTP = 100900\n\n    @allure.title(\"Checking Order synchronization  \")\n    @allure.description(\"Checking Order synchronization after creating a new customer order \")\n    @allure.severity(allure.severity_level.NORMAL)\n    @data(*Utils.read_xlsx(\"../TestData/OrderTestData/orderTestCase.xlsx\", \"forSync\"))\n    @unpack\n    def test_check_order_synchronization_for_Customer(self, username, password, contactNo, gender, productname, leatherProfile,\n                                   leatherSize, hardware, lining, polyfill, size, armhole, height, shoulder, weight,\n                                   length, arms, hips, chest, waist, sleeves, bodytype, remark, date, OTP):\n        self.LoginMethod.nativelogin(username, password)\n        try:\n            self.assertEqual(\n                self.Order.navigate_to_customer_order_list(contactNo, gender, productname, leatherProfile, leatherSize, hardware,\n                                                lining, polyfill, size, armhole, height, shoulder, weight, length, arms,\n                                                hips, chest, waist, sleeves, bodytype, remark, date, OTP), True,\n                msg=\"Verification Failed to Create a new user.\")\n    \n        # Checking if assertion failed\n        except (NoSuchElementException, AssertionError, TimeoutException, AttributeError) as e:\n            allure.attach(self.driver.get_screenshot_as_png(), name=\"Creating order for Store.\",\n                          attachment_type=AttachmentType.PNG)\n>           self.log.error(f\"Assertion failed here while finding element. {str(e)}\")\nE           AttributeError: 'TestOrder' object has no attribute 'log'\n\nTestOrder.py:127: AttributeError","steps":[],"attachments":[{"uid":"ae47e62b250c8d9c","name":"Creating order for Store.","source":"ae47e62b250c8d9c.png","type":"image/png","size":135814},{"uid":"3282c8338b97c220","name":"log","source":"3282c8338b97c220.txt","type":"text/plain","size":4926}],"parameters":[],"attachmentsCount":2,"shouldDisplayMessage":true,"stepsCount":0,"hasContent":true},"afterStages":[{"name":"_unittest_setUpClass_fixture_TestOrder::0","time":{"start":1687502716177,"stop":1687502716177,"duration":0},"status":"passed","steps":[],"attachments":[],"parameters":[],"attachmentsCount":0,"shouldDisplayMessage":false,"stepsCount":0,"hasContent":false}],"labels":[{"name":"feature","value":"Order List"},{"name":"severity","value":"normal"},{"name":"suite","value":"TestOrder"},{"name":"subSuite","value":"TestOrder"},{"name":"host","value":"0day"},{"name":"thread","value":"2692-MainThread"},{"name":"framework","value":"pytest"},{"name":"language","value":"cpython3"},{"name":"package","value":"TestOrder"},{"name":"resultFormat","value":"allure2"}],"parameters":[],"links":[],"hidden":false,"retry":false,"extra":{"severity":"normal","retries":[],"categories":[{"name":"Test defects","matchedStatuses":[],"flaky":false}],"history":{"statistic":{"failed":0,"broken":1,"skipped":0,"passed":3,"unknown":0,"total":4},"items":[{"uid":"348ae4054e866549","status":"passed","time":{"start":1686890547287,"stop":1686890625321,"duration":78034}},{"uid":"cf63b0af7ca3c553","status":"passed","time":{"start":1686287215097,"stop":1686287291575,"duration":76478}},{"uid":"7379d3a8ac15b9e","status":"passed","time":{"start":1685709769636,"stop":1685709841110,"duration":71474}}]},"tags":[]},"source":"ba1cc6f8ceb5f935.json","parameterValues":[]}