{"uid":"e709bb51e8d8c56b","name":"Search Functionality","fullName":"TestOrder.TestOrder#test_Search_functionality_3___frugal_latido_com_np____Test_123____221____Lucha__male_____Mahogany_Antique____Silver____Black____No__","historyId":"0cb04dcecfba04bca873c3cf1ad2d66c","time":{"start":1687500682447,"stop":1687500705677,"duration":23230},"description":"Search and verify item","descriptionHtml":"<p>Search and verify item</p>\n","status":"broken","statusMessage":"AttributeError: 'TestOrder' object has no attribute 'log'","statusTrace":"self = <TestsCases.TestOrder.TestOrder testMethod=test_Search_functionality_3___frugal_latido_com_np____Test_123____221____Lucha__male_____Mahogany_Antique____Silver____Black____No__>\nusername = 'frugal@latido.com.np', password = 'Test@123', searchValue = '221'\nproductname = 'Lucha (male)', leatherProfile = 'Mahogany Antique'\nhardware = 'Silver', lining = 'Black', polyfill = 'No'\n\n    @allure.title(\"Search Functionality\")\n    @allure.description(\"Search and verify item\")\n    @allure.severity(allure.severity_level.NORMAL)\n    @data(*Utils.read_xlsx(\"../TestData/OrderTestData/orderTestCase.xlsx\", \"searchInput\"))\n    @unpack\n    def test_Search_functionality(self, username, password, searchValue, productname, leatherProfile, hardware, lining, polyfill):\n        # Login with Admin\n        self.LoginMethod.nativelogin(username, password)\n        try:\n    \n            # TODO --- Resolve wrong Search Item issue.\n            self.assertEqual(\n>               self.Order.searchBar(searchValue, productname, leatherProfile, hardware, lining, polyfill), True,\n                msg=\"Verification Failed to Create a new user.\")\n\nTestOrder.py:166: \n_ _ _ _ _ _ _ _ _ _ _ _ _ _ _ _ _ _ _ _ _ _ _ _ _ _ _ _ _ _ _ _ _ _ _ _ _ _ _ _\n\nself = <executions.OrdersExecutions.OrderMethods.OrderMethod object at 0x00000155ADE655A0>\nsearchItem = '221', productname = 'Lucha (male)'\nleatherProfile = 'Mahogany Antique', hardware = 'Silver', lining = 'Black'\npolyfill = 'No'\n\n    def searchBar(self, searchItem, productname, leatherProfile, hardware, lining, polyfill):\n        self.navigateToOrderTab()\n        self.search.click_on_search(searchItem)\n        time.sleep(2)\n>       self.order_ls.get_latest_customer_orderID().click()\nE       AttributeError: 'NoneType' object has no attribute 'click'\n\n..\\executions\\OrdersExecutions\\OrderMethods.py:364: AttributeError\n\nDuring handling of the above exception, another exception occurred:\n\nself = <TestsCases.TestOrder.TestOrder testMethod=test_Search_functionality_3___frugal_latido_com_np____Test_123____221____Lucha__male_____Mahogany_Antique____Silver____Black____No__>\nusername = 'frugal@latido.com.np', password = 'Test@123', searchValue = '221'\nproductname = 'Lucha (male)', leatherProfile = 'Mahogany Antique'\nhardware = 'Silver', lining = 'Black', polyfill = 'No'\n\n    @allure.title(\"Search Functionality\")\n    @allure.description(\"Search and verify item\")\n    @allure.severity(allure.severity_level.NORMAL)\n    @data(*Utils.read_xlsx(\"../TestData/OrderTestData/orderTestCase.xlsx\", \"searchInput\"))\n    @unpack\n    def test_Search_functionality(self, username, password, searchValue, productname, leatherProfile, hardware, lining, polyfill):\n        # Login with Admin\n        self.LoginMethod.nativelogin(username, password)\n        try:\n    \n            # TODO --- Resolve wrong Search Item issue.\n            self.assertEqual(\n                self.Order.searchBar(searchValue, productname, leatherProfile, hardware, lining, polyfill), True,\n                msg=\"Verification Failed to Create a new user.\")\n    \n        # Checking if assertion failed\n        except (NoSuchElementException, AssertionError, TimeoutException, AttributeError) as e:\n            allure.attach(self.driver.get_screenshot_as_png(), name=\"Creating order for Store.\",\n                          attachment_type=AttachmentType.PNG)\n>           self.log.error(f\"Assertion failed here while finding element. {str(e)}\")\nE           AttributeError: 'TestOrder' object has no attribute 'log'\n\nTestOrder.py:173: AttributeError","flaky":false,"newFailed":false,"newBroken":true,"newPassed":false,"retriesCount":0,"retriesStatusChange":false,"beforeStages":[{"name":"_unittest_setUpClass_fixture_TestOrder","time":{"start":1687500628072,"stop":1687500628072,"duration":0},"status":"passed","steps":[],"attachments":[],"parameters":[],"attachmentsCount":0,"shouldDisplayMessage":false,"stepsCount":0,"hasContent":false}],"testStage":{"description":"Search and verify item","status":"broken","statusMessage":"AttributeError: 'TestOrder' object has no attribute 'log'","statusTrace":"self = <TestsCases.TestOrder.TestOrder testMethod=test_Search_functionality_3___frugal_latido_com_np____Test_123____221____Lucha__male_____Mahogany_Antique____Silver____Black____No__>\nusername = 'frugal@latido.com.np', password = 'Test@123', searchValue = '221'\nproductname = 'Lucha (male)', leatherProfile = 'Mahogany Antique'\nhardware = 'Silver', lining = 'Black', polyfill = 'No'\n\n    @allure.title(\"Search Functionality\")\n    @allure.description(\"Search and verify item\")\n    @allure.severity(allure.severity_level.NORMAL)\n    @data(*Utils.read_xlsx(\"../TestData/OrderTestData/orderTestCase.xlsx\", \"searchInput\"))\n    @unpack\n    def test_Search_functionality(self, username, password, searchValue, productname, leatherProfile, hardware, lining, polyfill):\n        # Login with Admin\n        self.LoginMethod.nativelogin(username, password)\n        try:\n    \n            # TODO --- Resolve wrong Search Item issue.\n            self.assertEqual(\n>               self.Order.searchBar(searchValue, productname, leatherProfile, hardware, lining, polyfill), True,\n                msg=\"Verification Failed to Create a new user.\")\n\nTestOrder.py:166: \n_ _ _ _ _ _ _ _ _ _ _ _ _ _ _ _ _ _ _ _ _ _ _ _ _ _ _ _ _ _ _ _ _ _ _ _ _ _ _ _\n\nself = <executions.OrdersExecutions.OrderMethods.OrderMethod object at 0x00000155ADE655A0>\nsearchItem = '221', productname = 'Lucha (male)'\nleatherProfile = 'Mahogany Antique', hardware = 'Silver', lining = 'Black'\npolyfill = 'No'\n\n    def searchBar(self, searchItem, productname, leatherProfile, hardware, lining, polyfill):\n        self.navigateToOrderTab()\n        self.search.click_on_search(searchItem)\n        time.sleep(2)\n>       self.order_ls.get_latest_customer_orderID().click()\nE       AttributeError: 'NoneType' object has no attribute 'click'\n\n..\\executions\\OrdersExecutions\\OrderMethods.py:364: AttributeError\n\nDuring handling of the above exception, another exception occurred:\n\nself = <TestsCases.TestOrder.TestOrder testMethod=test_Search_functionality_3___frugal_latido_com_np____Test_123____221____Lucha__male_____Mahogany_Antique____Silver____Black____No__>\nusername = 'frugal@latido.com.np', password = 'Test@123', searchValue = '221'\nproductname = 'Lucha (male)', leatherProfile = 'Mahogany Antique'\nhardware = 'Silver', lining = 'Black', polyfill = 'No'\n\n    @allure.title(\"Search Functionality\")\n    @allure.description(\"Search and verify item\")\n    @allure.severity(allure.severity_level.NORMAL)\n    @data(*Utils.read_xlsx(\"../TestData/OrderTestData/orderTestCase.xlsx\", \"searchInput\"))\n    @unpack\n    def test_Search_functionality(self, username, password, searchValue, productname, leatherProfile, hardware, lining, polyfill):\n        # Login with Admin\n        self.LoginMethod.nativelogin(username, password)\n        try:\n    \n            # TODO --- Resolve wrong Search Item issue.\n            self.assertEqual(\n                self.Order.searchBar(searchValue, productname, leatherProfile, hardware, lining, polyfill), True,\n                msg=\"Verification Failed to Create a new user.\")\n    \n        # Checking if assertion failed\n        except (NoSuchElementException, AssertionError, TimeoutException, AttributeError) as e:\n            allure.attach(self.driver.get_screenshot_as_png(), name=\"Creating order for Store.\",\n                          attachment_type=AttachmentType.PNG)\n>           self.log.error(f\"Assertion failed here while finding element. {str(e)}\")\nE           AttributeError: 'TestOrder' object has no attribute 'log'\n\nTestOrder.py:173: AttributeError","steps":[],"attachments":[{"uid":"a93ed672f582315e","name":"Creating order for Store.","source":"a93ed672f582315e.png","type":"image/png","size":96075},{"uid":"b4b1097836512a20","name":"log","source":"b4b1097836512a20.txt","type":"text/plain","size":798}],"parameters":[],"attachmentsCount":2,"shouldDisplayMessage":true,"stepsCount":0,"hasContent":true},"afterStages":[{"name":"_unittest_setUpClass_fixture_TestOrder::0","time":{"start":1687502716177,"stop":1687502716177,"duration":0},"status":"passed","steps":[],"attachments":[],"parameters":[],"attachmentsCount":0,"shouldDisplayMessage":false,"stepsCount":0,"hasContent":false}],"labels":[{"name":"feature","value":"Order List"},{"name":"severity","value":"normal"},{"name":"suite","value":"TestOrder"},{"name":"subSuite","value":"TestOrder"},{"name":"host","value":"0day"},{"name":"thread","value":"2692-MainThread"},{"name":"framework","value":"pytest"},{"name":"language","value":"cpython3"},{"name":"package","value":"TestOrder"},{"name":"resultFormat","value":"allure2"}],"parameters":[],"links":[],"hidden":false,"retry":false,"extra":{"severity":"normal","retries":[],"categories":[{"name":"Test defects","matchedStatuses":[],"flaky":false}],"history":{"statistic":{"failed":0,"broken":1,"skipped":0,"passed":8,"unknown":0,"total":9},"items":[{"uid":"85a63e6deb95b5b","status":"passed","time":{"start":1686890390947,"stop":1686890415780,"duration":24833}},{"uid":"b66d9f6d142ad82","status":"passed","time":{"start":1686287056383,"stop":1686287080766,"duration":24383}},{"uid":"547c559f3a893a68","status":"passed","time":{"start":1685709621971,"stop":1685709646588,"duration":24617}},{"uid":"b9cbc941cd55bcab","status":"passed","time":{"start":1685343847997,"stop":1685343869920,"duration":21923}},{"uid":"93d047c0ed3ff9a3","status":"passed","time":{"start":1685106907856,"stop":1685106929288,"duration":21432}},{"uid":"6d24c85c1efa9870","status":"passed","time":{"start":1685021959865,"stop":1685021981525,"duration":21660}},{"uid":"3556b109ed66ec8d","status":"passed","time":{"start":1684415517471,"stop":1684415541070,"duration":23599}},{"uid":"f6e2919ddc893451","status":"passed","time":{"start":1683886306830,"stop":1683886330386,"duration":23556}}]},"tags":[]},"source":"e709bb51e8d8c56b.json","parameterValues":[]}