{"uid":"34780d9240260969","name":"Create a new Order for new Customer","fullName":"TestOrder.TestOrder#test_create_new_user_order_3___frugal_latido_com_np____Test_123____9881012063____abced_Test_3____testuser163_mail_com____2023_05_28____Siliguri____male____Ek__male_____Black_Sheep____38____Silver____Black____No____40___5_6__4_4__5__46__8__12__11__7__1__9___Fit____Test_001____2023_05_29___100900_","historyId":"2333321d92871ee62c80eac97dd8bfcf","time":{"start":1683887070152,"stop":1683887164067,"duration":93915},"status":"failed","statusMessage":"AssertionError: None != 'Order Succesfully Created' : Verification Failed to Create a new Order.","statusTrace":"self = <TestsCases.TestOrder.TestOrder testMethod=test_create_new_user_order_3___frugal_latido_com_np____Test_123____98810120...p____38____Silver____Black____No____40___5_6__4_4__5__46__8__12__11__7__1__9___Fit____Test_001____2023_05_29___100900_>\nusername = 'frugal@latido.com.np', password = 'Test@123'\ncontactNo = '9881012063', name = 'abced Test 3', email = 'testuser163@mail.com'\ndob = '2023-05-28', address = 'Siliguri', gender = 'male'\nproductname = 'Ek (male)', leatherProfile = 'Black Sheep', leatherSize = '38'\nhardware = 'Silver', lining = 'Black', polyfill = 'No', size = '40'\narmhole = 5.6, height = 4.4, shoulder = 5, weight = 46, length = 8, arms = 12\nhips = 11, chest = 7, waist = 1, sleeves = 9, bodytype = 'Fit'\nremark = 'Test 001', date = '2023-05-29', OTP = 100900\n\n    @allure.title(f\"Create a new Order for new Customer\")\n    @allure.story(\"Create an Order for new Customer \")\n    @allure.severity(allure.severity_level.NORMAL)\n    @data(*Utils.read_xlsx(\"../TestData/OrderTestData/orderTestCase.xlsx\", \"forNewCustomer\"))\n    @unpack\n    def test_create_new_user_order(self, username, password, contactNo, name, email, dob, address, gender, productname,\n                                   leatherProfile, leatherSize, hardware, lining, polyfill, size, armhole, height, shoulder, weight,\n                                   length, arms, hips, chest, waist, sleeves, bodytype, remark, date, OTP):\n        self.LoginMethod.nativelogin(self.driver, username, password)\n        try:\n            self.assertEqual(\n                self.Order.create_new_user_order(contactNo, name, email, dob, address, gender, productname,\n                                                 leatherProfile, leatherSize, hardware, lining, polyfill, size, armhole, height,\n                                                 shoulder, weight, length, arms, hips, chest, waist, sleeves, bodytype, remark,\n                                                 date, OTP),\n                \"Order Succesfully Created\", msg=\"Verification Failed to Create a new Order.\")\n        # Checking if assertion failed\n        except AssertionError as e:\n            allure.attach(self.driver.get_screenshot_as_png(), name=\"Creating new Order for new customer.\",\n                          attachment_type=AttachmentType.PNG)\n            self.log.error(f\"Assertion failed here while finding element. {str(e)}\")\n>           raise e\n\nTestOrder.py:80: \n_ _ _ _ _ _ _ _ _ _ _ _ _ _ _ _ _ _ _ _ _ _ _ _ _ _ _ _ _ _ _ _ _ _ _ _ _ _ _ _\nTestOrder.py:69: in test_create_new_user_order\n    self.assertEqual(\nC:\\Program Files\\JetBrains\\PyCharm Community Edition 2022.3.3\\plugins\\python-ce\\helpers\\pycharm\\teamcity\\diff_tools.py:33: in _patched_equals\n    old(self, first, second, msg)\nE   AssertionError: None != 'Order Succesfully Created' : Verification Failed to Create a new Order.","flaky":false,"newFailed":false,"newBroken":false,"newPassed":false,"retriesCount":0,"retriesStatusChange":false,"beforeStages":[{"name":"_unittest_setUpClass_fixture_TestOrder","time":{"start":1683886254654,"stop":1683886254655,"duration":1},"status":"passed","steps":[],"attachments":[],"parameters":[],"stepsCount":0,"hasContent":false,"attachmentsCount":0,"shouldDisplayMessage":false}],"testStage":{"status":"failed","statusMessage":"AssertionError: None != 'Order Succesfully Created' : Verification Failed to Create a new Order.","statusTrace":"self = <TestsCases.TestOrder.TestOrder testMethod=test_create_new_user_order_3___frugal_latido_com_np____Test_123____98810120...p____38____Silver____Black____No____40___5_6__4_4__5__46__8__12__11__7__1__9___Fit____Test_001____2023_05_29___100900_>\nusername = 'frugal@latido.com.np', password = 'Test@123'\ncontactNo = '9881012063', name = 'abced Test 3', email = 'testuser163@mail.com'\ndob = '2023-05-28', address = 'Siliguri', gender = 'male'\nproductname = 'Ek (male)', leatherProfile = 'Black Sheep', leatherSize = '38'\nhardware = 'Silver', lining = 'Black', polyfill = 'No', size = '40'\narmhole = 5.6, height = 4.4, shoulder = 5, weight = 46, length = 8, arms = 12\nhips = 11, chest = 7, waist = 1, sleeves = 9, bodytype = 'Fit'\nremark = 'Test 001', date = '2023-05-29', OTP = 100900\n\n    @allure.title(f\"Create a new Order for new Customer\")\n    @allure.story(\"Create an Order for new Customer \")\n    @allure.severity(allure.severity_level.NORMAL)\n    @data(*Utils.read_xlsx(\"../TestData/OrderTestData/orderTestCase.xlsx\", \"forNewCustomer\"))\n    @unpack\n    def test_create_new_user_order(self, username, password, contactNo, name, email, dob, address, gender, productname,\n                                   leatherProfile, leatherSize, hardware, lining, polyfill, size, armhole, height, shoulder, weight,\n                                   length, arms, hips, chest, waist, sleeves, bodytype, remark, date, OTP):\n        self.LoginMethod.nativelogin(self.driver, username, password)\n        try:\n            self.assertEqual(\n                self.Order.create_new_user_order(contactNo, name, email, dob, address, gender, productname,\n                                                 leatherProfile, leatherSize, hardware, lining, polyfill, size, armhole, height,\n                                                 shoulder, weight, length, arms, hips, chest, waist, sleeves, bodytype, remark,\n                                                 date, OTP),\n                \"Order Succesfully Created\", msg=\"Verification Failed to Create a new Order.\")\n        # Checking if assertion failed\n        except AssertionError as e:\n            allure.attach(self.driver.get_screenshot_as_png(), name=\"Creating new Order for new customer.\",\n                          attachment_type=AttachmentType.PNG)\n            self.log.error(f\"Assertion failed here while finding element. {str(e)}\")\n>           raise e\n\nTestOrder.py:80: \n_ _ _ _ _ _ _ _ _ _ _ _ _ _ _ _ _ _ _ _ _ _ _ _ _ _ _ _ _ _ _ _ _ _ _ _ _ _ _ _\nTestOrder.py:69: in test_create_new_user_order\n    self.assertEqual(\nC:\\Program Files\\JetBrains\\PyCharm Community Edition 2022.3.3\\plugins\\python-ce\\helpers\\pycharm\\teamcity\\diff_tools.py:33: in _patched_equals\n    old(self, first, second, msg)\nE   AssertionError: None != 'Order Succesfully Created' : Verification Failed to Create a new Order.","steps":[],"attachments":[{"uid":"440c6100c0964059","name":"Creating new Order for new customer.","source":"440c6100c0964059.png","type":"image/png","size":124438},{"uid":"4fda170c46d3d44","name":"log","source":"4fda170c46d3d44.txt","type":"text/plain","size":6636}],"parameters":[],"stepsCount":0,"hasContent":true,"attachmentsCount":2,"shouldDisplayMessage":true},"afterStages":[{"name":"_unittest_setUpClass_fixture_TestOrder::0","time":{"start":1683887733515,"stop":1683887733515,"duration":0},"status":"passed","steps":[],"attachments":[],"parameters":[],"stepsCount":0,"hasContent":false,"attachmentsCount":0,"shouldDisplayMessage":false}],"labels":[{"name":"severity","value":"normal"},{"name":"feature","value":"Order List"},{"name":"story","value":"Create an Order for new Customer "},{"name":"suite","value":"TestOrder"},{"name":"subSuite","value":"TestOrder"},{"name":"host","value":"0day"},{"name":"thread","value":"14316-MainThread"},{"name":"framework","value":"pytest"},{"name":"language","value":"cpython3"},{"name":"package","value":"TestOrder"},{"name":"resultFormat","value":"allure2"}],"parameters":[],"links":[],"hidden":false,"retry":false,"extra":{"severity":"normal","retries":[],"categories":[{"name":"Product defects","matchedStatuses":[],"flaky":false}],"tags":[]},"source":"34780d9240260969.json","parameterValues":[]}