{"uid":"3a678a3fb40ac18f","name":"test_dashboard_totalOrder","fullName":"TestDashboard.TestDashboard#test_dashboard_totalOrder","historyId":"b3bd9775be2d3cbf789ad71ca9a230c1","time":{"start":1683885924655,"stop":1683885934837,"duration":10182},"status":"failed","statusMessage":"AssertionError: '211' != '210'\n- 211\n?   ^\n+ 210\n?   ^\n : Verification of total order tile failed.","statusTrace":"self = <TestsCases.TestDashboard.TestDashboard testMethod=test_dashboard_totalOrder>\n\n    @allure.story(\"Checking Total Order Tiles\")\n    @allure.severity(allure.severity_level.NORMAL)\n    # @data((\"frugal@latido.com.np\", \"Test@123\"))\n    def test_dashboard_totalOrder(self):\n        self.LoginMethod.nativelogin(self.driver, \"frugal@latido.com.np\", \"Test@123\")\n        try:\n            self.assertEqual(self.Dashboard.verify_total_order(), \"210\", msg=\"Verification of total order tile failed.\")\n    \n        # Checking if assertion failed\n        except AssertionError as e:\n            allure.attach(self.driver.get_screenshot_as_png(), name=\"TestDashboardScreen\",\n                          attachment_type=AttachmentType.PNG)\n            self.log.error(f\"Assertion failed here while finding element. {str(e)}\")\n>           raise e\n\nTestDashboard.py:59: \n_ _ _ _ _ _ _ _ _ _ _ _ _ _ _ _ _ _ _ _ _ _ _ _ _ _ _ _ _ _ _ _ _ _ _ _ _ _ _ _\nTestDashboard.py:52: in test_dashboard_totalOrder\n    self.assertEqual(self.Dashboard.verify_total_order(), \"210\", msg=\"Verification of total order tile failed.\")\nC:\\Program Files\\JetBrains\\PyCharm Community Edition 2022.3.3\\plugins\\python-ce\\helpers\\pycharm\\teamcity\\diff_tools.py:33: in _patched_equals\n    old(self, first, second, msg)\nE   AssertionError: '211' != '210'\nE   - 211\nE   ?   ^\nE   + 210\nE   ?   ^\nE    : Verification of total order tile failed.","flaky":false,"newFailed":true,"newBroken":false,"newPassed":false,"retriesCount":0,"retriesStatusChange":false,"beforeStages":[{"name":"_unittest_setUpClass_fixture_TestDashboard","time":{"start":1683885876362,"stop":1683885876362,"duration":0},"status":"passed","steps":[],"attachments":[],"parameters":[],"stepsCount":0,"hasContent":false,"attachmentsCount":0,"shouldDisplayMessage":false}],"testStage":{"status":"failed","statusMessage":"AssertionError: '211' != '210'\n- 211\n?   ^\n+ 210\n?   ^\n : Verification of total order tile failed.","statusTrace":"self = <TestsCases.TestDashboard.TestDashboard testMethod=test_dashboard_totalOrder>\n\n    @allure.story(\"Checking Total Order Tiles\")\n    @allure.severity(allure.severity_level.NORMAL)\n    # @data((\"frugal@latido.com.np\", \"Test@123\"))\n    def test_dashboard_totalOrder(self):\n        self.LoginMethod.nativelogin(self.driver, \"frugal@latido.com.np\", \"Test@123\")\n        try:\n            self.assertEqual(self.Dashboard.verify_total_order(), \"210\", msg=\"Verification of total order tile failed.\")\n    \n        # Checking if assertion failed\n        except AssertionError as e:\n            allure.attach(self.driver.get_screenshot_as_png(), name=\"TestDashboardScreen\",\n                          attachment_type=AttachmentType.PNG)\n            self.log.error(f\"Assertion failed here while finding element. {str(e)}\")\n>           raise e\n\nTestDashboard.py:59: \n_ _ _ _ _ _ _ _ _ _ _ _ _ _ _ _ _ _ _ _ _ _ _ _ _ _ _ _ _ _ _ _ _ _ _ _ _ _ _ _\nTestDashboard.py:52: in test_dashboard_totalOrder\n    self.assertEqual(self.Dashboard.verify_total_order(), \"210\", msg=\"Verification of total order tile failed.\")\nC:\\Program Files\\JetBrains\\PyCharm Community Edition 2022.3.3\\plugins\\python-ce\\helpers\\pycharm\\teamcity\\diff_tools.py:33: in _patched_equals\n    old(self, first, second, msg)\nE   AssertionError: '211' != '210'\nE   - 211\nE   ?   ^\nE   + 210\nE   ?   ^\nE    : Verification of total order tile failed.","steps":[],"attachments":[{"uid":"100bde7d7812951a","name":"TestDashboardScreen","source":"100bde7d7812951a.png","type":"image/png","size":136531},{"uid":"da6b3bebb1ab772","name":"log","source":"da6b3bebb1ab772.txt","type":"text/plain","size":170}],"parameters":[],"stepsCount":0,"hasContent":true,"attachmentsCount":2,"shouldDisplayMessage":true},"afterStages":[{"name":"_unittest_setUpClass_fixture_TestDashboard::0","time":{"start":1683885971908,"stop":1683885971908,"duration":0},"status":"passed","steps":[],"attachments":[],"parameters":[],"stepsCount":0,"hasContent":false,"attachmentsCount":0,"shouldDisplayMessage":false}],"labels":[{"name":"feature","value":"DashboardExecutions"},{"name":"story","value":"Checking Total Order Tiles"},{"name":"severity","value":"normal"},{"name":"suite","value":"TestDashboard"},{"name":"subSuite","value":"TestDashboard"},{"name":"host","value":"0day"},{"name":"thread","value":"17096-MainThread"},{"name":"framework","value":"pytest"},{"name":"language","value":"cpython3"},{"name":"package","value":"TestDashboard"},{"name":"resultFormat","value":"allure2"}],"parameters":[],"links":[],"hidden":false,"retry":false,"extra":{"severity":"normal","retries":[],"categories":[{"name":"Product defects","matchedStatuses":[],"flaky":false}],"history":{"statistic":{"failed":1,"broken":0,"skipped":0,"passed":1,"unknown":0,"total":2},"items":[{"uid":"e434c8d0a16eeb39","status":"passed","time":{"start":1683188308196,"stop":1683188318456,"duration":10260}}]},"tags":[]},"source":"3a678a3fb40ac18f.json","parameterValues":[]}