{"uid":"33e16ff78181cebd","name":"test_dashboard_active_user","fullName":"TestDashboard.TestDashboard#test_dashboard_active_user","historyId":"b01b12fb82cc02385e2174cc6b5c1168","time":{"start":1685339438629,"stop":1685339450226,"duration":11597},"status":"failed","statusMessage":"AssertionError: '0' != '80'\n- 0\n+ 80\n? +\n : Verification of Active user tile failed.","statusTrace":"self = <TestsCases.TestDashboard.TestDashboard testMethod=test_dashboard_active_user>\n\n    @allure.story(\"Checking Active User Tiles\")\n    @allure.severity(allure.severity_level.NORMAL)\n    # @data((\"frugal@latido.com.np\", \"Test@123\"))\n    def test_dashboard_active_user(self):\n        self.LoginMethod.nativelogin(self.driver, \"frugal@latido.com.np\", \"Test@123\")\n        try:\n            self.assertEqual(self.Dashboard.active_user(), \"80\", msg=\"Verification of Active user tile failed.\")\n    \n        # Checking if assertion failed\n        except AssertionError as e:\n            allure.attach(self.driver.get_screenshot_as_png(), name=\"TestDashboardScreen\",\n                          attachment_type=AttachmentType.PNG)\n            self.log.error(f\"Assertion failed here while finding element. {str(e)}\")\n>           raise e\n\nTestDashboard.py:105: \n_ _ _ _ _ _ _ _ _ _ _ _ _ _ _ _ _ _ _ _ _ _ _ _ _ _ _ _ _ _ _ _ _ _ _ _ _ _ _ _\nTestDashboard.py:98: in test_dashboard_active_user\n    self.assertEqual(self.Dashboard.active_user(), \"80\", msg=\"Verification of Active user tile failed.\")\nC:\\Program Files\\JetBrains\\PyCharm Community Edition 2022.3.3\\plugins\\python-ce\\helpers\\pycharm\\teamcity\\diff_tools.py:33: in _patched_equals\n    old(self, first, second, msg)\nE   AssertionError: '0' != '80'\nE   - 0\nE   + 80\nE   ? +\nE    : Verification of Active user tile failed.","flaky":false,"newFailed":true,"newBroken":false,"newPassed":false,"retriesCount":0,"retriesStatusChange":false,"beforeStages":[{"name":"_unittest_setUpClass_fixture_TestDashboard","time":{"start":1685339438628,"stop":1685339438628,"duration":0},"status":"passed","steps":[],"attachments":[],"parameters":[],"stepsCount":0,"hasContent":false,"attachmentsCount":0,"shouldDisplayMessage":false}],"testStage":{"status":"failed","statusMessage":"AssertionError: '0' != '80'\n- 0\n+ 80\n? +\n : Verification of Active user tile failed.","statusTrace":"self = <TestsCases.TestDashboard.TestDashboard testMethod=test_dashboard_active_user>\n\n    @allure.story(\"Checking Active User Tiles\")\n    @allure.severity(allure.severity_level.NORMAL)\n    # @data((\"frugal@latido.com.np\", \"Test@123\"))\n    def test_dashboard_active_user(self):\n        self.LoginMethod.nativelogin(self.driver, \"frugal@latido.com.np\", \"Test@123\")\n        try:\n            self.assertEqual(self.Dashboard.active_user(), \"80\", msg=\"Verification of Active user tile failed.\")\n    \n        # Checking if assertion failed\n        except AssertionError as e:\n            allure.attach(self.driver.get_screenshot_as_png(), name=\"TestDashboardScreen\",\n                          attachment_type=AttachmentType.PNG)\n            self.log.error(f\"Assertion failed here while finding element. {str(e)}\")\n>           raise e\n\nTestDashboard.py:105: \n_ _ _ _ _ _ _ _ _ _ _ _ _ _ _ _ _ _ _ _ _ _ _ _ _ _ _ _ _ _ _ _ _ _ _ _ _ _ _ _\nTestDashboard.py:98: in test_dashboard_active_user\n    self.assertEqual(self.Dashboard.active_user(), \"80\", msg=\"Verification of Active user tile failed.\")\nC:\\Program Files\\JetBrains\\PyCharm Community Edition 2022.3.3\\plugins\\python-ce\\helpers\\pycharm\\teamcity\\diff_tools.py:33: in _patched_equals\n    old(self, first, second, msg)\nE   AssertionError: '0' != '80'\nE   - 0\nE   + 80\nE   ? +\nE    : Verification of Active user tile failed.","steps":[],"attachments":[{"uid":"29fa11ff83639d4a","name":"TestDashboardScreen","source":"29fa11ff83639d4a.png","type":"image/png","size":95978},{"uid":"422e68d854ebc441","name":"log","source":"422e68d854ebc441.txt","type":"text/plain","size":157}],"parameters":[],"stepsCount":0,"hasContent":true,"attachmentsCount":2,"shouldDisplayMessage":true},"afterStages":[{"name":"_unittest_setUpClass_fixture_TestDashboard::0","time":{"start":1685339550555,"stop":1685339550555,"duration":0},"status":"passed","steps":[],"attachments":[],"parameters":[],"stepsCount":0,"hasContent":false,"attachmentsCount":0,"shouldDisplayMessage":false}],"labels":[{"name":"feature","value":"DashboardExecutions"},{"name":"severity","value":"normal"},{"name":"story","value":"Checking Active User Tiles"},{"name":"suite","value":"TestDashboard"},{"name":"subSuite","value":"TestDashboard"},{"name":"host","value":"0day"},{"name":"thread","value":"1964-MainThread"},{"name":"framework","value":"pytest"},{"name":"language","value":"cpython3"},{"name":"package","value":"TestDashboard"},{"name":"resultFormat","value":"allure2"}],"parameters":[],"links":[],"hidden":false,"retry":false,"extra":{"severity":"normal","retries":[],"categories":[{"name":"Product defects","matchedStatuses":[],"flaky":false}],"history":{"statistic":{"failed":1,"broken":0,"skipped":0,"passed":5,"unknown":0,"total":6},"items":[{"uid":"e3d5b7a0529fd1b8","status":"passed","time":{"start":1685106631051,"stop":1685106642504,"duration":11453}},{"uid":"5dbb91eb4c4c3256","status":"passed","time":{"start":1685021653188,"stop":1685021663836,"duration":10648}},{"uid":"dfce5f03f27fd799","status":"passed","time":{"start":1684415237428,"stop":1684415248739,"duration":11311}},{"uid":"270ef251d53c21e1","status":"passed","time":{"start":1683885876362,"stop":1683885886308,"duration":9946}},{"uid":"cef35262763ced57","status":"passed","time":{"start":1683188258174,"stop":1683188268397,"duration":10223}}]},"tags":[]},"source":"33e16ff78181cebd.json","parameterValues":[]}