{"uid":"e10f65488e04f9ee","name":"test_create_order_store_6__None__None__None__None__None__None__None__None__None__None__None__None__None__None__None__None__None__None__None__None__None__None__None__None_","fullName":"TestOrder.TestOrder#test_create_order_store_6__None__None__None__None__None__None__None__None__None__None__None__None__None__None__None__None__None__None__None__None__None__None__None__None_","historyId":"5632926239bbbd5da25a726dcb917721","time":{"start":1682657907601,"stop":1682657922558,"duration":14957},"status":"broken","statusMessage":"selenium.common.exceptions.TimeoutException: Message: \nStacktrace:\nBacktrace:\n\tGetHandleVerifier [0x0101DCE3+50899]\n\t(No symbol) [0x00FAE111]\n\t(No symbol) [0x00EB5588]\n\t(No symbol) [0x00EE08F9]\n\t(No symbol) [0x00EE0AFB]\n\t(No symbol) [0x00F0F902]\n\t(No symbol) [0x00EFB944]\n\t(No symbol) [0x00F0E01C]\n\t(No symbol) [0x00EFB6F6]\n\t(No symbol) [0x00ED7708]\n\t(No symbol) [0x00ED886D]\n\tGetHandleVerifier [0x01283EAE+2566302]\n\tGetHandleVerifier [0x012B92B1+2784417]\n\tGetHandleVerifier [0x012B327C+2759788]\n\tGetHandleVerifier [0x010B5740+672048]\n\t(No symbol) [0x00FB8872]\n\t(No symbol) [0x00FB41C8]\n\t(No symbol) [0x00FB42AB]\n\t(No symbol) [0x00FA71B7]\n\tBaseThreadInitThunk [0x76427D49+25]\n\tRtlInitializeExceptionChain [0x77DAB74B+107]\n\tRtlClearBits [0x77DAB6CF+191]","statusTrace":"self = <TestsCases.TestOrder.TestOrder testMethod=test_create_order_store_6__None__None__None__None__None__None__None__None__None__None__None__None__None__None__None__None__None__None__None__None__None__None__None__None_>\nusername = None, password = None, productname = None, leatherProfile = None\nleatherSize = None, hardware = None, lining = None, polyfill = None, size = None\nbodytype = None, length = None, chest = None, waist = None, hips = None\nshoulder = None, sleeves = None, arms = None, weight = None, front = None\narmhole = None, remarks = None, price = None, discount = None, OTP = None\n\n    @allure.story(\"Create a New Order for store  \")\n    @allure.severity(allure.severity_level.NORMAL)\n    @data(*Utils.read_xlsx(\"../TestData/OrderTestData/orderTestCase.xlsx\", \"forStore\"))\n    @unpack\n    def test_create_order_store(self, username, password, productname, leatherProfile, leatherSize,\thardware, lining, polyfill,\n                                size, bodytype, length,\tchest, waist, hips, shoulder, sleeves, arms, weight, front, armhole,\n                                remarks, price, discount, OTP):\n        # Login with Admin\n        self.LoginMethod.nativelogin(self.driver, username, password)\n        try:\n            self.assertEqual(\n>               self.Order.createOrder_Store(productname, leatherProfile, leatherSize,\thardware, lining, polyfill,\n                                             size, bodytype, length, chest, waist, hips, shoulder, sleeves, arms, weight, front, armhole,\n                                             remarks, price, discount, OTP),\n                \"Order Succesfully Created\",\n                msg=\"Verification Failed to Create a new user.\")\n\nTestOrder.py:99: \n_ _ _ _ _ _ _ _ _ _ _ _ _ _ _ _ _ _ _ _ _ _ _ _ _ _ _ _ _ _ _ _ _ _ _ _ _ _ _ _\n..\\executions\\OrdersExecutions\\OrderMethods.py:223: in createOrder_Store\n    self.navigateToOrder()\n..\\executions\\OrdersExecutions\\OrderMethods.py:68: in navigateToOrder\n    self.order.clickOnOrderTab()\n..\\Pages\\Order\\OrderPage.py:56: in clickOnOrderTab\n    self.wait.until(EC.element_to_be_clickable(self.OrderTab)).click()\n_ _ _ _ _ _ _ _ _ _ _ _ _ _ _ _ _ _ _ _ _ _ _ _ _ _ _ _ _ _ _ _ _ _ _ _ _ _ _ _\n\nself = <selenium.webdriver.support.wait.WebDriverWait (session=\"327e6abb0edb61c048e53af3dab562af\")>\nmethod = <function element_to_be_clickable.<locals>._predicate at 0x000001B17CB8C0D0>\nmessage = ''\n\n    def until(self, method, message: str = \"\"):\n        \"\"\"Calls the method provided with the driver as an argument until the \\\n        return value does not evaluate to ``False``.\n    \n        :param method: callable(WebDriver)\n        :param message: optional message for :exc:`TimeoutException`\n        :returns: the result of the last call to `method`\n        :raises: :exc:`selenium.common.exceptions.TimeoutException` if timeout occurs\n        \"\"\"\n        screen = None\n        stacktrace = None\n    \n        end_time = time.monotonic() + self._timeout\n        while True:\n            try:\n                value = method(self._driver)\n                if value:\n                    return value\n            except self._ignored_exceptions as exc:\n                screen = getattr(exc, \"screen\", None)\n                stacktrace = getattr(exc, \"stacktrace\", None)\n            time.sleep(self._poll)\n            if time.monotonic() > end_time:\n                break\n>       raise TimeoutException(message, screen, stacktrace)\nE       selenium.common.exceptions.TimeoutException: Message: \nE       Stacktrace:\nE       Backtrace:\nE       \tGetHandleVerifier [0x0101DCE3+50899]\nE       \t(No symbol) [0x00FAE111]\nE       \t(No symbol) [0x00EB5588]\nE       \t(No symbol) [0x00EE08F9]\nE       \t(No symbol) [0x00EE0AFB]\nE       \t(No symbol) [0x00F0F902]\nE       \t(No symbol) [0x00EFB944]\nE       \t(No symbol) [0x00F0E01C]\nE       \t(No symbol) [0x00EFB6F6]\nE       \t(No symbol) [0x00ED7708]\nE       \t(No symbol) [0x00ED886D]\nE       \tGetHandleVerifier [0x01283EAE+2566302]\nE       \tGetHandleVerifier [0x012B92B1+2784417]\nE       \tGetHandleVerifier [0x012B327C+2759788]\nE       \tGetHandleVerifier [0x010B5740+672048]\nE       \t(No symbol) [0x00FB8872]\nE       \t(No symbol) [0x00FB41C8]\nE       \t(No symbol) [0x00FB42AB]\nE       \t(No symbol) [0x00FA71B7]\nE       \tBaseThreadInitThunk [0x76427D49+25]\nE       \tRtlInitializeExceptionChain [0x77DAB74B+107]\nE       \tRtlClearBits [0x77DAB6CF+191]\n\n..\\.venv\\lib\\site-packages\\selenium\\webdriver\\support\\wait.py:95: TimeoutException","flaky":false,"newFailed":false,"newBroken":false,"newPassed":false,"retriesCount":0,"retriesStatusChange":false,"beforeStages":[{"name":"_unittest_setUpClass_fixture_TestOrder","time":{"start":1682657355010,"stop":1682657355010,"duration":0},"status":"passed","steps":[],"attachments":[],"parameters":[],"attachmentsCount":0,"shouldDisplayMessage":false,"stepsCount":0,"hasContent":false}],"testStage":{"status":"broken","statusMessage":"selenium.common.exceptions.TimeoutException: Message: \nStacktrace:\nBacktrace:\n\tGetHandleVerifier [0x0101DCE3+50899]\n\t(No symbol) [0x00FAE111]\n\t(No symbol) [0x00EB5588]\n\t(No symbol) [0x00EE08F9]\n\t(No symbol) [0x00EE0AFB]\n\t(No symbol) [0x00F0F902]\n\t(No symbol) [0x00EFB944]\n\t(No symbol) [0x00F0E01C]\n\t(No symbol) [0x00EFB6F6]\n\t(No symbol) [0x00ED7708]\n\t(No symbol) [0x00ED886D]\n\tGetHandleVerifier [0x01283EAE+2566302]\n\tGetHandleVerifier [0x012B92B1+2784417]\n\tGetHandleVerifier [0x012B327C+2759788]\n\tGetHandleVerifier [0x010B5740+672048]\n\t(No symbol) [0x00FB8872]\n\t(No symbol) [0x00FB41C8]\n\t(No symbol) [0x00FB42AB]\n\t(No symbol) [0x00FA71B7]\n\tBaseThreadInitThunk [0x76427D49+25]\n\tRtlInitializeExceptionChain [0x77DAB74B+107]\n\tRtlClearBits [0x77DAB6CF+191]","statusTrace":"self = <TestsCases.TestOrder.TestOrder testMethod=test_create_order_store_6__None__None__None__None__None__None__None__None__None__None__None__None__None__None__None__None__None__None__None__None__None__None__None__None_>\nusername = None, password = None, productname = None, leatherProfile = None\nleatherSize = None, hardware = None, lining = None, polyfill = None, size = None\nbodytype = None, length = None, chest = None, waist = None, hips = None\nshoulder = None, sleeves = None, arms = None, weight = None, front = None\narmhole = None, remarks = None, price = None, discount = None, OTP = None\n\n    @allure.story(\"Create a New Order for store  \")\n    @allure.severity(allure.severity_level.NORMAL)\n    @data(*Utils.read_xlsx(\"../TestData/OrderTestData/orderTestCase.xlsx\", \"forStore\"))\n    @unpack\n    def test_create_order_store(self, username, password, productname, leatherProfile, leatherSize,\thardware, lining, polyfill,\n                                size, bodytype, length,\tchest, waist, hips, shoulder, sleeves, arms, weight, front, armhole,\n                                remarks, price, discount, OTP):\n        # Login with Admin\n        self.LoginMethod.nativelogin(self.driver, username, password)\n        try:\n            self.assertEqual(\n>               self.Order.createOrder_Store(productname, leatherProfile, leatherSize,\thardware, lining, polyfill,\n                                             size, bodytype, length, chest, waist, hips, shoulder, sleeves, arms, weight, front, armhole,\n                                             remarks, price, discount, OTP),\n                \"Order Succesfully Created\",\n                msg=\"Verification Failed to Create a new user.\")\n\nTestOrder.py:99: \n_ _ _ _ _ _ _ _ _ _ _ _ _ _ _ _ _ _ _ _ _ _ _ _ _ _ _ _ _ _ _ _ _ _ _ _ _ _ _ _\n..\\executions\\OrdersExecutions\\OrderMethods.py:223: in createOrder_Store\n    self.navigateToOrder()\n..\\executions\\OrdersExecutions\\OrderMethods.py:68: in navigateToOrder\n    self.order.clickOnOrderTab()\n..\\Pages\\Order\\OrderPage.py:56: in clickOnOrderTab\n    self.wait.until(EC.element_to_be_clickable(self.OrderTab)).click()\n_ _ _ _ _ _ _ _ _ _ _ _ _ _ _ _ _ _ _ _ _ _ _ _ _ _ _ _ _ _ _ _ _ _ _ _ _ _ _ _\n\nself = <selenium.webdriver.support.wait.WebDriverWait (session=\"327e6abb0edb61c048e53af3dab562af\")>\nmethod = <function element_to_be_clickable.<locals>._predicate at 0x000001B17CB8C0D0>\nmessage = ''\n\n    def until(self, method, message: str = \"\"):\n        \"\"\"Calls the method provided with the driver as an argument until the \\\n        return value does not evaluate to ``False``.\n    \n        :param method: callable(WebDriver)\n        :param message: optional message for :exc:`TimeoutException`\n        :returns: the result of the last call to `method`\n        :raises: :exc:`selenium.common.exceptions.TimeoutException` if timeout occurs\n        \"\"\"\n        screen = None\n        stacktrace = None\n    \n        end_time = time.monotonic() + self._timeout\n        while True:\n            try:\n                value = method(self._driver)\n                if value:\n                    return value\n            except self._ignored_exceptions as exc:\n                screen = getattr(exc, \"screen\", None)\n                stacktrace = getattr(exc, \"stacktrace\", None)\n            time.sleep(self._poll)\n            if time.monotonic() > end_time:\n                break\n>       raise TimeoutException(message, screen, stacktrace)\nE       selenium.common.exceptions.TimeoutException: Message: \nE       Stacktrace:\nE       Backtrace:\nE       \tGetHandleVerifier [0x0101DCE3+50899]\nE       \t(No symbol) [0x00FAE111]\nE       \t(No symbol) [0x00EB5588]\nE       \t(No symbol) [0x00EE08F9]\nE       \t(No symbol) [0x00EE0AFB]\nE       \t(No symbol) [0x00F0F902]\nE       \t(No symbol) [0x00EFB944]\nE       \t(No symbol) [0x00F0E01C]\nE       \t(No symbol) [0x00EFB6F6]\nE       \t(No symbol) [0x00ED7708]\nE       \t(No symbol) [0x00ED886D]\nE       \tGetHandleVerifier [0x01283EAE+2566302]\nE       \tGetHandleVerifier [0x012B92B1+2784417]\nE       \tGetHandleVerifier [0x012B327C+2759788]\nE       \tGetHandleVerifier [0x010B5740+672048]\nE       \t(No symbol) [0x00FB8872]\nE       \t(No symbol) [0x00FB41C8]\nE       \t(No symbol) [0x00FB42AB]\nE       \t(No symbol) [0x00FA71B7]\nE       \tBaseThreadInitThunk [0x76427D49+25]\nE       \tRtlInitializeExceptionChain [0x77DAB74B+107]\nE       \tRtlClearBits [0x77DAB6CF+191]\n\n..\\.venv\\lib\\site-packages\\selenium\\webdriver\\support\\wait.py:95: TimeoutException","steps":[],"attachments":[{"uid":"e5fe483e42c01599","name":"log","source":"e5fe483e42c01599.txt","type":"text/plain","size":232}],"parameters":[],"attachmentsCount":1,"shouldDisplayMessage":true,"stepsCount":0,"hasContent":true},"afterStages":[{"name":"_unittest_setUpClass_fixture_TestOrder::0","time":{"start":1682657922634,"stop":1682657922634,"duration":0},"status":"passed","steps":[],"attachments":[],"parameters":[],"attachmentsCount":0,"shouldDisplayMessage":false,"stepsCount":0,"hasContent":false}],"labels":[{"name":"severity","value":"normal"},{"name":"story","value":"Create a New Order for store  "},{"name":"feature","value":"Order List"},{"name":"suite","value":"TestOrder"},{"name":"subSuite","value":"TestOrder"},{"name":"host","value":"0day"},{"name":"thread","value":"1380-MainThread"},{"name":"framework","value":"pytest"},{"name":"language","value":"cpython3"},{"name":"package","value":"TestOrder"},{"name":"resultFormat","value":"allure2"}],"parameters":[],"links":[],"hidden":false,"retry":false,"extra":{"severity":"normal","retries":[],"categories":[{"name":"Test defects","matchedStatuses":[],"flaky":false}],"tags":[]},"source":"e10f65488e04f9ee.json","parameterValues":[]}